Using pre-set license
Built from '2021.3/release' branch; Version is '2021.3.17f1 (3e8111cac19d) revision 4096273'; Using compiler version '192829333'; Build Type 'Release'
OS: 'Windows 10  (10.0.19045) 64bit Professional' Language: 'ru' Physical Memory: 16322 MB
BatchMode: 1, IsHumanControllingUs: 0, StartBugReporterOnCrash: 0, Is64bit: 1, IsPro: 1

COMMAND LINE ARGUMENTS:
C:\Program Files\Unity\Hub\Editor\2021.3.17f1\Editor\Unity.exe
-adb2
-batchMode
-noUpm
-name
AssetImportWorker6
-projectPath
C:/Projects/BallParkour/BallParkour
-logFile
Logs/AssetImportWorker6.log
-srvPort
52725
Successfully changed project path to: C:/Projects/BallParkour/BallParkour
C:/Projects/BallParkour/BallParkour
[UnityMemory] Configuration Parameters - Can be set up in boot.config
    "memorysetup-bucket-allocator-granularity=16"
    "memorysetup-bucket-allocator-bucket-count=8"
    "memorysetup-bucket-allocator-block-size=33554432"
    "memorysetup-bucket-allocator-block-count=8"
    "memorysetup-main-allocator-block-size=16777216"
    "memorysetup-thread-allocator-block-size=16777216"
    "memorysetup-gfx-main-allocator-block-size=16777216"
    "memorysetup-gfx-thread-allocator-block-size=16777216"
    "memorysetup-cache-allocator-block-size=4194304"
    "memorysetup-typetree-allocator-block-size=2097152"
    "memorysetup-profiler-bucket-allocator-granularity=16"
    "memorysetup-profiler-bucket-allocator-bucket-count=8"
    "memorysetup-profiler-bucket-allocator-block-size=33554432"
    "memorysetup-profiler-bucket-allocator-block-count=8"
    "memorysetup-profiler-allocator-block-size=16777216"
    "memorysetup-profiler-editor-allocator-block-size=1048576"
    "memorysetup-temp-allocator-size-main=16777216"
    "memorysetup-job-temp-allocator-block-size=2097152"
    "memorysetup-job-temp-allocator-block-size-background=1048576"
    "memorysetup-job-temp-allocator-reduction-small-platforms=262144"
    "memorysetup-temp-allocator-size-background-worker=32768"
    "memorysetup-temp-allocator-size-job-worker=262144"
    "memorysetup-temp-allocator-size-preload-manager=33554432"
    "memorysetup-temp-allocator-size-nav-mesh-worker=65536"
    "memorysetup-temp-allocator-size-audio-worker=65536"
    "memorysetup-temp-allocator-size-cloud-worker=32768"
    "memorysetup-temp-allocator-size-gi-baking-worker=262144"
    "memorysetup-temp-allocator-size-gfx=262144"
Player connection [16892] Host "[IP] 192.168.0.105 [Port] 0 [Flags] 2 [Guid] 3472847358 [EditorId] 3472847358 [Version] 1048832 [Id] WindowsEditor(7,DESKTOP-IARGS9U) [Debug] 1 [PackageName] WindowsEditor [ProjectName] Editor" joined multi-casting on [225.0.0.222:54997]...

Player connection [16892] Host "[IP] 192.168.0.105 [Port] 0 [Flags] 2 [Guid] 3472847358 [EditorId] 3472847358 [Version] 1048832 [Id] WindowsEditor(7,DESKTOP-IARGS9U) [Debug] 1 [PackageName] WindowsEditor [ProjectName] Editor" joined alternative multi-casting on [225.0.0.222:34997]...

Refreshing native plugins compatible for Editor in 177.32 ms, found 3 plugins.
Preloading 0 native plugins for Editor in 0.00 ms.
Initialize engine version: 2021.3.17f1 (3e8111cac19d)
[Subsystems] Discovering subsystems at path C:/Program Files/Unity/Hub/Editor/2021.3.17f1/Editor/Data/Resources/UnitySubsystems
[Subsystems] Discovering subsystems at path C:/Projects/BallParkour/BallParkour/Assets
GfxDevice: creating device client; threaded=0; jobified=0
Direct3D:
    Version:  Direct3D 11.0 [level 11.1]
    Renderer: NVIDIA GeForce GTX 1070 (ID=0x1b81)
    Vendor:   NVIDIA
    VRAM:     8081 MB
    Driver:   31.0.15.3640
Initialize mono
Mono path[0] = 'C:/Program Files/Unity/Hub/Editor/2021.3.17f1/Editor/Data/Managed'
Mono path[1] = 'C:/Program Files/Unity/Hub/Editor/2021.3.17f1/Editor/Data/MonoBleedingEdge/lib/mono/unityjit-win32'
Mono config path = 'C:/Program Files/Unity/Hub/Editor/2021.3.17f1/Editor/Data/MonoBleedingEdge/etc'
Using monoOptions --debugger-agent=transport=dt_socket,embedding=1,server=y,suspend=n,address=127.0.0.1:56832
Begin MonoManager ReloadAssembly
Registering precompiled unity dll's ...
Register platform support module: C:/Program Files/Unity/Hub/Editor/2021.3.17f1/Editor/Data/PlaybackEngines/AndroidPlayer/UnityEditor.Android.Extensions.dll
Register platform support module: C:/Program Files/Unity/Hub/Editor/2021.3.17f1/Editor/Data/PlaybackEngines/WindowsStandaloneSupport/UnityEditor.WindowsStandalone.Extensions.dll
Registered in 0.007258 seconds.
Native extension for WindowsStandalone target not found
Native extension for Android target not found
Android Extension - Scanning For ADB Devices 272 ms
Refreshing native plugins compatible for Editor in 125.85 ms, found 3 plugins.
Preloading 0 native plugins for Editor in 0.00 ms.
Mono: successfully reloaded assembly
- Completed reload, in  0.930 seconds
Domain Reload Profiling:
	ReloadAssembly (930ms)
		BeginReloadAssembly (74ms)
			ExecutionOrderSort (0ms)
			DisableScriptedObjects (0ms)
			BackupInstance (0ms)
			ReleaseScriptingObjects (0ms)
			CreateAndSetChildDomain (1ms)
		EndReloadAssembly (750ms)
			LoadAssemblies (72ms)
			RebuildTransferFunctionScriptingTraits (0ms)
			SetupTypeCache (99ms)
			ReleaseScriptCaches (0ms)
			RebuildScriptCaches (26ms)
			SetupLoadedEditorAssemblies (578ms)
				LogAssemblyErrors (0ms)
				InitializePlatformSupportModulesInManaged (332ms)
				SetLoadedEditorAssemblies (0ms)
				RefreshPlugins (126ms)
				BeforeProcessingInitializeOnLoad (1ms)
				ProcessInitializeOnLoadAttributes (80ms)
				ProcessInitializeOnLoadMethodAttributes (38ms)
				AfterProcessingInitializeOnLoad (0ms)
				EditorAssembliesLoaded (0ms)
			ExecutionOrderSort2 (0ms)
			AwakeInstancesAfterBackupRestoration (0ms)
Platform modules already initialized, skipping
Registering precompiled user dll's ...
Registered in 0.007880 seconds.
Begin MonoManager ReloadAssembly
Symbol file LoadedFromMemory doesn't match image C:\Projects\BallParkour\BallParkour\Library\PackageCache\com.unity.visualscripting@1.8.0\Editor\VisualScripting.Core\Dependencies\YamlDotNet\Unity.VisualScripting.YamlDotNet.dll
Symbol file LoadedFromMemory doesn't match image C:\Projects\BallParkour\BallParkour\Library\PackageCache\com.unity.visualscripting@1.8.0\Editor\VisualScripting.Core\Dependencies\DotNetZip\Unity.VisualScripting.IonicZip.dll
Native extension for WindowsStandalone target not found
Native extension for Android target not found
Refreshing native plugins compatible for Editor in 122.59 ms, found 3 plugins.
Preloading 0 native plugins for Editor in 0.00 ms.
Mono: successfully reloaded assembly
- Completed reload, in  1.379 seconds
Domain Reload Profiling:
	ReloadAssembly (1379ms)
		BeginReloadAssembly (102ms)
			ExecutionOrderSort (0ms)
			DisableScriptedObjects (5ms)
			BackupInstance (0ms)
			ReleaseScriptingObjects (0ms)
			CreateAndSetChildDomain (20ms)
		EndReloadAssembly (1169ms)
			LoadAssemblies (92ms)
			RebuildTransferFunctionScriptingTraits (0ms)
			SetupTypeCache (322ms)
			ReleaseScriptCaches (1ms)
			RebuildScriptCaches (65ms)
			SetupLoadedEditorAssemblies (649ms)
				LogAssemblyErrors (0ms)
				InitializePlatformSupportModulesInManaged (15ms)
				SetLoadedEditorAssemblies (0ms)
				RefreshPlugins (123ms)
				BeforeProcessingInitializeOnLoad (124ms)
				ProcessInitializeOnLoadAttributes (311ms)
				ProcessInitializeOnLoadMethodAttributes (69ms)
				AfterProcessingInitializeOnLoad (7ms)
				EditorAssembliesLoaded (0ms)
			ExecutionOrderSort2 (0ms)
			AwakeInstancesAfterBackupRestoration (5ms)
Platform modules already initialized, skipping
========================================================================
Worker process is ready to serve import requests
Launched and connected shader compiler UnityShaderCompiler.exe after 0.04 seconds
Refreshing native plugins compatible for Editor in 1.93 ms, found 3 plugins.
Preloading 0 native plugins for Editor in 0.00 ms.
Unloading 6280 Unused Serialized files (Serialized files now loaded: 0)
Unloading 64 unused Assets / (2.1 MB). Loaded Objects now: 6726.
Memory consumption went from 260.7 MB to 258.6 MB.
Total: 6.283800 ms (FindLiveObjects: 0.558300 ms CreateObjectMapping: 0.506700 ms MarkObjects: 4.558300 ms  DeleteObjects: 0.659300 ms)

AssetImportParameters requested are different than current active one (requested -> active):
  custom:video-decoder-ogg-theora: a1e56fd34408186e4bbccfd4996cb3dc -> 
  custom:container-muxer-webm: aa71ff27fc2769a1b78a27578f13a17b -> 
  custom:container-demuxer-webm: 4f35f7cbe854078d1ac9338744f61a02 -> 
  custom:video-encoder-webm-vp8: eb34c28f22e8b96e1ab97ce403110664 -> 
  custom:audio-encoder-webm-vorbis: bf7c407c2cedff20999df2af8eb42d56 -> 
  custom:framework-win-MediaFoundation: 216162199b28c13a410421893ffa2e32 -> 
  custom:container-demuxer-ogg: 62fdf1f143b41e24485cea50d1cbac27 -> 
  custom:video-decoder-webm-vp8: 9c59270c3fd7afecdb556c50c9e8de78 -> 
  custom:audio-decoder-ogg-vorbis: bf7c407c2cedff20999df2af8eb42d56 -> 
========================================================================
Received Import Request.
  Time since last request: 988754.369358 seconds.
  path: Assets/Materials/Ground/Rocks.mat
  artifactKey: Guid(bd9033c20a80d8b4f8a353b088bca7d7) Importer(815301076,1909f56bfc062723c751e8b465ee728b)
Start importing Assets/Materials/Ground/Rocks.mat using Guid(bd9033c20a80d8b4f8a353b088bca7d7) Importer(815301076,1909f56bfc062723c751e8b465ee728b)  -> (artifact id: '20ab0e188ecbbef8fe3a5e49cfc2d0b3') in 0.276610 seconds 
========================================================================
Received Import Request.
  Time since last request: 3.944812 seconds.
  path: Assets/Materials/Ground/Rocks.mat
  artifactKey: Guid(bd9033c20a80d8b4f8a353b088bca7d7) Importer(815301076,1909f56bfc062723c751e8b465ee728b)
Start importing Assets/Materials/Ground/Rocks.mat using Guid(bd9033c20a80d8b4f8a353b088bca7d7) Importer(815301076,1909f56bfc062723c751e8b465ee728b)  -> (artifact id: 'e2859d6c169cd200fd9b0afb361d5be1') in 0.027618 seconds 
========================================================================
Received Import Request.
  Time since last request: 9.345580 seconds.
  path: Assets/Materials/Ground/Rocks.mat
  artifactKey: Guid(bd9033c20a80d8b4f8a353b088bca7d7) Importer(815301076,1909f56bfc062723c751e8b465ee728b)
Start importing Assets/Materials/Ground/Rocks.mat using Guid(bd9033c20a80d8b4f8a353b088bca7d7) Importer(815301076,1909f56bfc062723c751e8b465ee728b)  -> (artifact id: '8ddb66e5176a25f0caaa829703a4eebd') in 0.022398 seconds 
========================================================================
Received Import Request.
  Time since last request: 3.402314 seconds.
  path: Assets/Prefabs/Modular Industrial Set/Textrures/MIS_Bricks_00/MIS_Bricks_00_Height.png
  artifactKey: Guid(b51c6e3bf8c97a24fa2a91211f140c10) Importer(815301076,1909f56bfc062723c751e8b465ee728b)
Start importing Assets/Prefabs/Modular Industrial Set/Textrures/MIS_Bricks_00/MIS_Bricks_00_Height.png using Guid(b51c6e3bf8c97a24fa2a91211f140c10) Importer(815301076,1909f56bfc062723c751e8b465ee728b)  -> (artifact id: '52f06307719d96a7f9f828460faff1ba') in 0.048225 seconds 
========================================================================
Received Import Request.
  Time since last request: 8.740667 seconds.
  path: Assets/Prefabs/Modular Industrial Set/Textrures/MIS_Bricks_00/MIS_Bricks_00_Base_Color.png
  artifactKey: Guid(bfd267df0ea8292458886b014c9b4697) Importer(815301076,1909f56bfc062723c751e8b465ee728b)
Start importing Assets/Prefabs/Modular Industrial Set/Textrures/MIS_Bricks_00/MIS_Bricks_00_Base_Color.png using Guid(bfd267df0ea8292458886b014c9b4697) Importer(815301076,1909f56bfc062723c751e8b465ee728b)  -> (artifact id: 'e8549b1873bbb9d920621f24d958ad3a') in 0.016905 seconds 
========================================================================
Received Import Request.
  Time since last request: 0.000034 seconds.
  path: Assets/Prefabs/Modular Industrial Set/Textrures/MIS_Bricks_00/MIS_Bricks_00_Smoothness.png
  artifactKey: Guid(d20de0cd386a7a94daf92b7c4428c009) Importer(815301076,1909f56bfc062723c751e8b465ee728b)
Start importing Assets/Prefabs/Modular Industrial Set/Textrures/MIS_Bricks_00/MIS_Bricks_00_Smoothness.png using Guid(d20de0cd386a7a94daf92b7c4428c009) Importer(815301076,1909f56bfc062723c751e8b465ee728b)  -> (artifact id: 'd3a3e17b25d52bb33703e2abf1a4273c') in 0.019065 seconds 
========================================================================
Received Import Request.
  Time since last request: 8.374600 seconds.
  path: Assets/Prefabs/Modular Industrial Set/Textrures/MIS_Bricks_01/MIS_Bricks_01_Base_Color.png
  artifactKey: Guid(3c529e9005a19d647bf084f3b44675a2) Importer(815301076,1909f56bfc062723c751e8b465ee728b)
Start importing Assets/Prefabs/Modular Industrial Set/Textrures/MIS_Bricks_01/MIS_Bricks_01_Base_Color.png using Guid(3c529e9005a19d647bf084f3b44675a2) Importer(815301076,1909f56bfc062723c751e8b465ee728b)  -> (artifact id: 'dcec557c594300be649e38f3cc846a09') in 0.030404 seconds 
========================================================================
Received Import Request.
  Time since last request: 0.000029 seconds.
  path: Assets/Prefabs/Modular Industrial Set/Textrures/MIS_Bricks_01/MIS_Bricks_01_Metallic.png
  artifactKey: Guid(79778a2cf2a518141ab4bc4d3100ea30) Importer(815301076,1909f56bfc062723c751e8b465ee728b)
Start importing Assets/Prefabs/Modular Industrial Set/Textrures/MIS_Bricks_01/MIS_Bricks_01_Metallic.png using Guid(79778a2cf2a518141ab4bc4d3100ea30) Importer(815301076,1909f56bfc062723c751e8b465ee728b)  -> (artifact id: 'b7cd9b245417f0d12bff86e8e4a1379d') in 0.032086 seconds 
========================================================================
Received Import Request.
  Time since last request: 5.705057 seconds.
  path: Assets/Prefabs/Modular Industrial Set/Textrures/MIS_Bricks_01/MIS_Bricks_01_Base_Color.png
  artifactKey: Guid(3c529e9005a19d647bf084f3b44675a2) Importer(815301076,1909f56bfc062723c751e8b465ee728b)
Start importing Assets/Prefabs/Modular Industrial Set/Textrures/MIS_Bricks_01/MIS_Bricks_01_Base_Color.png using Guid(3c529e9005a19d647bf084f3b44675a2) Importer(815301076,1909f56bfc062723c751e8b465ee728b)  -> (artifact id: '95bf71902e4a997209dc95a8664d35b5') in 0.020391 seconds 
========================================================================
Received Import Request.
  Time since last request: 1.753264 seconds.
  path: Assets/Prefabs/Modular Industrial Set/Textrures/MIS_Concrete_00/MIS_Concrete_00_Base_Color.png
  artifactKey: Guid(5312f2dac6d15024c9079beed7dc9bba) Importer(815301076,1909f56bfc062723c751e8b465ee728b)
Start importing Assets/Prefabs/Modular Industrial Set/Textrures/MIS_Concrete_00/MIS_Concrete_00_Base_Color.png using Guid(5312f2dac6d15024c9079beed7dc9bba) Importer(815301076,1909f56bfc062723c751e8b465ee728b)  -> (artifact id: 'ac23c50abad74bee1c9a51c628636cc6') in 0.021922 seconds 
========================================================================
Received Import Request.
  Time since last request: 0.000024 seconds.
  path: Assets/Prefabs/Modular Industrial Set/Textrures/MIS_Concrete_00/MIS_Concrete_00_Metallic.png
  artifactKey: Guid(51b6494ef5f8aa94983e3ceea3d450a3) Importer(815301076,1909f56bfc062723c751e8b465ee728b)
Start importing Assets/Prefabs/Modular Industrial Set/Textrures/MIS_Concrete_00/MIS_Concrete_00_Metallic.png using Guid(51b6494ef5f8aa94983e3ceea3d450a3) Importer(815301076,1909f56bfc062723c751e8b465ee728b)  -> (artifact id: 'b3c1d63d95034bec695307c2f70e9792') in 0.030894 seconds 
========================================================================
Received Import Request.
  Time since last request: 6.641833 seconds.
  path: Assets/Prefabs/Modular Industrial Set/Textrures/MIS_Concrete_00/MIS_Concrete_00_Base_Color.png
  artifactKey: Guid(5312f2dac6d15024c9079beed7dc9bba) Importer(815301076,1909f56bfc062723c751e8b465ee728b)
Start importing Assets/Prefabs/Modular Industrial Set/Textrures/MIS_Concrete_00/MIS_Concrete_00_Base_Color.png using Guid(5312f2dac6d15024c9079beed7dc9bba) Importer(815301076,1909f56bfc062723c751e8b465ee728b)  -> (artifact id: '476f66a379b5bf34d7cf758a97e8bfdf') in 0.018628 seconds 
Editor requested this worker to shutdown with reason: Scaling down because of idle timeout
AssetImportWorker is now disconnected from the server
Process exiting
Exiting without the bug reporter. Application will terminate with return code 0