Using pre-set license
Built from '2021.3/release' branch; Version is '2021.3.17f1 (3e8111cac19d) revision 4096273'; Using compiler version '192829333'; Build Type 'Release'
OS: 'Windows 10  (10.0.19045) 64bit Professional' Language: 'ru' Physical Memory: 16322 MB
BatchMode: 1, IsHumanControllingUs: 0, StartBugReporterOnCrash: 0, Is64bit: 1, IsPro: 1

COMMAND LINE ARGUMENTS:
C:\Program Files\Unity\Hub\Editor\2021.3.17f1\Editor\Unity.exe
-adb2
-batchMode
-noUpm
-name
AssetImportWorker8
-projectPath
C:/Projects/BallParkour/BallParkour
-logFile
Logs/AssetImportWorker8.log
-srvPort
52725
Successfully changed project path to: C:/Projects/BallParkour/BallParkour
C:/Projects/BallParkour/BallParkour
[UnityMemory] Configuration Parameters - Can be set up in boot.config
    "memorysetup-bucket-allocator-granularity=16"
    "memorysetup-bucket-allocator-bucket-count=8"
    "memorysetup-bucket-allocator-block-size=33554432"
    "memorysetup-bucket-allocator-block-count=8"
    "memorysetup-main-allocator-block-size=16777216"
    "memorysetup-thread-allocator-block-size=16777216"
    "memorysetup-gfx-main-allocator-block-size=16777216"
    "memorysetup-gfx-thread-allocator-block-size=16777216"
    "memorysetup-cache-allocator-block-size=4194304"
    "memorysetup-typetree-allocator-block-size=2097152"
    "memorysetup-profiler-bucket-allocator-granularity=16"
    "memorysetup-profiler-bucket-allocator-bucket-count=8"
    "memorysetup-profiler-bucket-allocator-block-size=33554432"
    "memorysetup-profiler-bucket-allocator-block-count=8"
    "memorysetup-profiler-allocator-block-size=16777216"
    "memorysetup-profiler-editor-allocator-block-size=1048576"
    "memorysetup-temp-allocator-size-main=16777216"
    "memorysetup-job-temp-allocator-block-size=2097152"
    "memorysetup-job-temp-allocator-block-size-background=1048576"
    "memorysetup-job-temp-allocator-reduction-small-platforms=262144"
    "memorysetup-temp-allocator-size-background-worker=32768"
    "memorysetup-temp-allocator-size-job-worker=262144"
    "memorysetup-temp-allocator-size-preload-manager=33554432"
    "memorysetup-temp-allocator-size-nav-mesh-worker=65536"
    "memorysetup-temp-allocator-size-audio-worker=65536"
    "memorysetup-temp-allocator-size-cloud-worker=32768"
    "memorysetup-temp-allocator-size-gi-baking-worker=262144"
    "memorysetup-temp-allocator-size-gfx=262144"
Player connection [20936] Host "[IP] 192.168.0.105 [Port] 0 [Flags] 2 [Guid] 2565374160 [EditorId] 2565374160 [Version] 1048832 [Id] WindowsEditor(7,DESKTOP-IARGS9U) [Debug] 1 [PackageName] WindowsEditor [ProjectName] Editor" joined multi-casting on [225.0.0.222:54997]...

Player connection [20936] Host "[IP] 192.168.0.105 [Port] 0 [Flags] 2 [Guid] 2565374160 [EditorId] 2565374160 [Version] 1048832 [Id] WindowsEditor(7,DESKTOP-IARGS9U) [Debug] 1 [PackageName] WindowsEditor [ProjectName] Editor" joined alternative multi-casting on [225.0.0.222:34997]...

Refreshing native plugins compatible for Editor in 136.05 ms, found 3 plugins.
Preloading 0 native plugins for Editor in 0.00 ms.
Initialize engine version: 2021.3.17f1 (3e8111cac19d)
[Subsystems] Discovering subsystems at path C:/Program Files/Unity/Hub/Editor/2021.3.17f1/Editor/Data/Resources/UnitySubsystems
[Subsystems] Discovering subsystems at path C:/Projects/BallParkour/BallParkour/Assets
GfxDevice: creating device client; threaded=0; jobified=0
Direct3D:
    Version:  Direct3D 11.0 [level 11.1]
    Renderer: NVIDIA GeForce GTX 1070 (ID=0x1b81)
    Vendor:   NVIDIA
    VRAM:     8081 MB
    Driver:   31.0.15.3640
Initialize mono
Mono path[0] = 'C:/Program Files/Unity/Hub/Editor/2021.3.17f1/Editor/Data/Managed'
Mono path[1] = 'C:/Program Files/Unity/Hub/Editor/2021.3.17f1/Editor/Data/MonoBleedingEdge/lib/mono/unityjit-win32'
Mono config path = 'C:/Program Files/Unity/Hub/Editor/2021.3.17f1/Editor/Data/MonoBleedingEdge/etc'
Using monoOptions --debugger-agent=transport=dt_socket,embedding=1,server=y,suspend=n,address=127.0.0.1:56288
Begin MonoManager ReloadAssembly
Registering precompiled unity dll's ...
Register platform support module: C:/Program Files/Unity/Hub/Editor/2021.3.17f1/Editor/Data/PlaybackEngines/AndroidPlayer/UnityEditor.Android.Extensions.dll
Register platform support module: C:/Program Files/Unity/Hub/Editor/2021.3.17f1/Editor/Data/PlaybackEngines/WindowsStandaloneSupport/UnityEditor.WindowsStandalone.Extensions.dll
Registered in 0.008948 seconds.
Native extension for WindowsStandalone target not found
Native extension for Android target not found
Android Extension - Scanning For ADB Devices 257 ms
Refreshing native plugins compatible for Editor in 122.36 ms, found 3 plugins.
Preloading 0 native plugins for Editor in 0.00 ms.
Mono: successfully reloaded assembly
- Completed reload, in  0.926 seconds
Domain Reload Profiling:
	ReloadAssembly (926ms)
		BeginReloadAssembly (70ms)
			ExecutionOrderSort (0ms)
			DisableScriptedObjects (0ms)
			BackupInstance (0ms)
			ReleaseScriptingObjects (0ms)
			CreateAndSetChildDomain (1ms)
		EndReloadAssembly (746ms)
			LoadAssemblies (68ms)
			RebuildTransferFunctionScriptingTraits (0ms)
			SetupTypeCache (106ms)
			ReleaseScriptCaches (0ms)
			RebuildScriptCaches (26ms)
			SetupLoadedEditorAssemblies (566ms)
				LogAssemblyErrors (0ms)
				InitializePlatformSupportModulesInManaged (319ms)
				SetLoadedEditorAssemblies (0ms)
				RefreshPlugins (122ms)
				BeforeProcessingInitializeOnLoad (1ms)
				ProcessInitializeOnLoadAttributes (82ms)
				ProcessInitializeOnLoadMethodAttributes (41ms)
				AfterProcessingInitializeOnLoad (0ms)
				EditorAssembliesLoaded (0ms)
			ExecutionOrderSort2 (0ms)
			AwakeInstancesAfterBackupRestoration (0ms)
Platform modules already initialized, skipping
Registering precompiled user dll's ...
Registered in 0.008301 seconds.
Begin MonoManager ReloadAssembly
Symbol file LoadedFromMemory doesn't match image C:\Projects\BallParkour\BallParkour\Library\PackageCache\com.unity.visualscripting@1.8.0\Editor\VisualScripting.Core\Dependencies\YamlDotNet\Unity.VisualScripting.YamlDotNet.dll
Symbol file LoadedFromMemory doesn't match image C:\Projects\BallParkour\BallParkour\Library\PackageCache\com.unity.visualscripting@1.8.0\Editor\VisualScripting.Core\Dependencies\DotNetZip\Unity.VisualScripting.IonicZip.dll
Native extension for WindowsStandalone target not found
Native extension for Android target not found
Refreshing native plugins compatible for Editor in 132.85 ms, found 3 plugins.
Preloading 0 native plugins for Editor in 0.00 ms.
Mono: successfully reloaded assembly
- Completed reload, in  1.495 seconds
Domain Reload Profiling:
	ReloadAssembly (1496ms)
		BeginReloadAssembly (101ms)
			ExecutionOrderSort (0ms)
			DisableScriptedObjects (5ms)
			BackupInstance (0ms)
			ReleaseScriptingObjects (0ms)
			CreateAndSetChildDomain (18ms)
		EndReloadAssembly (1281ms)
			LoadAssemblies (94ms)
			RebuildTransferFunctionScriptingTraits (0ms)
			SetupTypeCache (364ms)
			ReleaseScriptCaches (1ms)
			RebuildScriptCaches (69ms)
			SetupLoadedEditorAssemblies (710ms)
				LogAssemblyErrors (0ms)
				InitializePlatformSupportModulesInManaged (15ms)
				SetLoadedEditorAssemblies (0ms)
				RefreshPlugins (133ms)
				BeforeProcessingInitializeOnLoad (140ms)
				ProcessInitializeOnLoadAttributes (339ms)
				ProcessInitializeOnLoadMethodAttributes (76ms)
				AfterProcessingInitializeOnLoad (7ms)
				EditorAssembliesLoaded (0ms)
			ExecutionOrderSort2 (0ms)
			AwakeInstancesAfterBackupRestoration (6ms)
Platform modules already initialized, skipping
========================================================================
Worker process is ready to serve import requests
Launched and connected shader compiler UnityShaderCompiler.exe after 0.04 seconds
Refreshing native plugins compatible for Editor in 1.01 ms, found 3 plugins.
Preloading 0 native plugins for Editor in 0.00 ms.
Unloading 6280 Unused Serialized files (Serialized files now loaded: 0)
Unloading 64 unused Assets / (2.1 MB). Loaded Objects now: 6726.
Memory consumption went from 260.7 MB to 258.6 MB.
Total: 4.061900 ms (FindLiveObjects: 0.458200 ms CreateObjectMapping: 0.439700 ms MarkObjects: 2.655100 ms  DeleteObjects: 0.508100 ms)

AssetImportParameters requested are different than current active one (requested -> active):
  custom:video-decoder-ogg-theora: a1e56fd34408186e4bbccfd4996cb3dc -> 
  custom:container-muxer-webm: aa71ff27fc2769a1b78a27578f13a17b -> 
  custom:container-demuxer-webm: 4f35f7cbe854078d1ac9338744f61a02 -> 
  custom:video-encoder-webm-vp8: eb34c28f22e8b96e1ab97ce403110664 -> 
  custom:audio-encoder-webm-vorbis: bf7c407c2cedff20999df2af8eb42d56 -> 
  custom:framework-win-MediaFoundation: 216162199b28c13a410421893ffa2e32 -> 
  custom:container-demuxer-ogg: 62fdf1f143b41e24485cea50d1cbac27 -> 
  custom:video-decoder-webm-vp8: 9c59270c3fd7afecdb556c50c9e8de78 -> 
  custom:audio-decoder-ogg-vorbis: bf7c407c2cedff20999df2af8eb42d56 -> 
========================================================================
Received Import Request.
  Time since last request: 989258.817590 seconds.
  path: Assets/Prefabs/Modular Industrial Set/Textrures/MIS_Props_00/MIS_Props_00_Base_Color.png
  artifactKey: Guid(d44e69c9cfd82314da3541875ebb4fb0) Importer(815301076,1909f56bfc062723c751e8b465ee728b)
Start importing Assets/Prefabs/Modular Industrial Set/Textrures/MIS_Props_00/MIS_Props_00_Base_Color.png using Guid(d44e69c9cfd82314da3541875ebb4fb0) Importer(815301076,1909f56bfc062723c751e8b465ee728b)  -> (artifact id: '6fdf09eb305b7dd61edff6463488bf16') in 0.097068 seconds 
========================================================================
Received Import Request.
  Time since last request: 4.068172 seconds.
  path: Assets/Prefabs/Modular Industrial Set/Textrures/MIS_Props_01/MIS_Props_01_Height.png
  artifactKey: Guid(39f902d98f062274ebc8ac699029329f) Importer(815301076,1909f56bfc062723c751e8b465ee728b)
Start importing Assets/Prefabs/Modular Industrial Set/Textrures/MIS_Props_01/MIS_Props_01_Height.png using Guid(39f902d98f062274ebc8ac699029329f) Importer(815301076,1909f56bfc062723c751e8b465ee728b)  -> (artifact id: '495bfc099675a4a8cbcd289c2737c1a8') in 0.032066 seconds 
========================================================================
Received Import Request.
  Time since last request: 7.564220 seconds.
  path: Assets/Prefabs/Modular Industrial Set/Textrures/MIS_Props_01/MIS_Props_01_Base_Color.png
  artifactKey: Guid(a8019089c67f555449ac99281ba9568d) Importer(815301076,1909f56bfc062723c751e8b465ee728b)
Start importing Assets/Prefabs/Modular Industrial Set/Textrures/MIS_Props_01/MIS_Props_01_Base_Color.png using Guid(a8019089c67f555449ac99281ba9568d) Importer(815301076,1909f56bfc062723c751e8b465ee728b)  -> (artifact id: '71ee959b665d10fea20622e21dd2b4b6') in 0.019743 seconds 
========================================================================
Received Import Request.
  Time since last request: 0.000028 seconds.
  path: Assets/Prefabs/Modular Industrial Set/Textrures/MIS_Props_01/MIS_Props_01_Smoothness.png
  artifactKey: Guid(dead64e716c158e43aca225b1e453fa1) Importer(815301076,1909f56bfc062723c751e8b465ee728b)
Start importing Assets/Prefabs/Modular Industrial Set/Textrures/MIS_Props_01/MIS_Props_01_Smoothness.png using Guid(dead64e716c158e43aca225b1e453fa1) Importer(815301076,1909f56bfc062723c751e8b465ee728b)  -> (artifact id: '268e13a0222d47dfcf6c7d7df3573b97') in 0.015853 seconds 
========================================================================
Received Import Request.
  Time since last request: 6.035339 seconds.
  path: Assets/UnityTechnologies/EffectExamples/WaterEffects/Textures/CloudsParticleNormals.tif
  artifactKey: Guid(aa748bb25f802de4fb3622d6963a538e) Importer(815301076,1909f56bfc062723c751e8b465ee728b)
Start importing Assets/UnityTechnologies/EffectExamples/WaterEffects/Textures/CloudsParticleNormals.tif using Guid(aa748bb25f802de4fb3622d6963a538e) Importer(815301076,1909f56bfc062723c751e8b465ee728b)  -> (artifact id: '24f6890d0ed711d348d48cae26253b39') in 0.026869 seconds 
========================================================================
Received Import Request.
  Time since last request: 0.000024 seconds.
  path: Assets/UnityTechnologies/EffectExamples/WaterEffects/Textures/WaterDropParticle.tif
  artifactKey: Guid(3735ed3a20c01874f9804d7e18416659) Importer(815301076,1909f56bfc062723c751e8b465ee728b)
Start importing Assets/UnityTechnologies/EffectExamples/WaterEffects/Textures/WaterDropParticle.tif using Guid(3735ed3a20c01874f9804d7e18416659) Importer(815301076,1909f56bfc062723c751e8b465ee728b)  -> (artifact id: '9309f0b8c939e76ac7dfd0894bddeff5') in 0.025826 seconds 
========================================================================
Received Import Request.
  Time since last request: 0.000019 seconds.
  path: Assets/UnityTechnologies/EffectExamples/WaterEffects/Textures/ImpactSplashParticle.tif
  artifactKey: Guid(a4948475d3e9a794cad36c380b171ea7) Importer(815301076,1909f56bfc062723c751e8b465ee728b)
Start importing Assets/UnityTechnologies/EffectExamples/WaterEffects/Textures/ImpactSplashParticle.tif using Guid(a4948475d3e9a794cad36c380b171ea7) Importer(815301076,1909f56bfc062723c751e8b465ee728b)  -> (artifact id: '24fc5f76ada0cdbef53d3001e63fd856') in 0.027301 seconds 
========================================================================
Received Import Request.
  Time since last request: 0.000030 seconds.
  path: Assets/UnityTechnologies/EffectExamples/WaterEffects/Textures/NormalMap (4).png
  artifactKey: Guid(8f3d2d42948314d42b8a3e85c96cda64) Importer(815301076,1909f56bfc062723c751e8b465ee728b)
Start importing Assets/UnityTechnologies/EffectExamples/WaterEffects/Textures/NormalMap (4).png using Guid(8f3d2d42948314d42b8a3e85c96cda64) Importer(815301076,1909f56bfc062723c751e8b465ee728b)  -> (artifact id: 'f84c7a82f1a7b27661d41a1ba9c80b42') in 0.044514 seconds 
========================================================================
Received Import Request.
  Time since last request: 16.160338 seconds.
  path: Assets/Prefabs/Modular Industrial Set/Textrures/MIS_Scaffolding_00/MIS_Scaffolding_00_Height.png
  artifactKey: Guid(77a2d467965054c4394d842f1baf60b0) Importer(815301076,1909f56bfc062723c751e8b465ee728b)
Start importing Assets/Prefabs/Modular Industrial Set/Textrures/MIS_Scaffolding_00/MIS_Scaffolding_00_Height.png using Guid(77a2d467965054c4394d842f1baf60b0) Importer(815301076,1909f56bfc062723c751e8b465ee728b)  -> (artifact id: 'b1c51bea5389ffda505b517aae8e761c') in 0.026549 seconds 
========================================================================
Received Import Request.
  Time since last request: 0.000023 seconds.
  path: Assets/Prefabs/Modular Industrial Set/Textrures/MIS_Scaffolding_00/MIS_Scaffolding_00_Normal.png
  artifactKey: Guid(cc5eda9bfe0d20344a6bda8e50d993a2) Importer(815301076,1909f56bfc062723c751e8b465ee728b)
Start importing Assets/Prefabs/Modular Industrial Set/Textrures/MIS_Scaffolding_00/MIS_Scaffolding_00_Normal.png using Guid(cc5eda9bfe0d20344a6bda8e50d993a2) Importer(815301076,1909f56bfc062723c751e8b465ee728b)  -> (artifact id: '86859c71da008f797be495e0e0708ee2') in 0.022881 seconds 
========================================================================
Received Import Request.
  Time since last request: 6.615355 seconds.
  path: Assets/Prefabs/Modular Industrial Set/Textrures/MIS_Scaffolding_00/MIS_Scaffolding_00_Base_Color.png
  artifactKey: Guid(558b640e3a218f045acb304e2d43cf21) Importer(815301076,1909f56bfc062723c751e8b465ee728b)
Start importing Assets/Prefabs/Modular Industrial Set/Textrures/MIS_Scaffolding_00/MIS_Scaffolding_00_Base_Color.png using Guid(558b640e3a218f045acb304e2d43cf21) Importer(815301076,1909f56bfc062723c751e8b465ee728b)  -> (artifact id: '011c24cc0c3110c5d4e8e1a3575f6a28') in 0.018393 seconds 
========================================================================
Received Import Request.
  Time since last request: 0.000025 seconds.
  path: Assets/Prefabs/Modular Industrial Set/Textrures/MIS_Scaffolding_00/MIS_Scaffolding_00_Smoothness.png
  artifactKey: Guid(ab0db21f1bb5f48479dcfd5197fcf516) Importer(815301076,1909f56bfc062723c751e8b465ee728b)
Start importing Assets/Prefabs/Modular Industrial Set/Textrures/MIS_Scaffolding_00/MIS_Scaffolding_00_Smoothness.png using Guid(ab0db21f1bb5f48479dcfd5197fcf516) Importer(815301076,1909f56bfc062723c751e8b465ee728b)  -> (artifact id: 'b8150d9829d2955b0b14d0f552c94827') in 0.016335 seconds 
========================================================================
Received Import Request.
  Time since last request: 4.017633 seconds.
  path: Packages/com.unity.render-pipelines.universal/Textures/FilmGrain/Medium01.png
  artifactKey: Guid(1097e90e1306e26439701489f391a6c0) Importer(815301076,1909f56bfc062723c751e8b465ee728b)
Start importing Packages/com.unity.render-pipelines.universal/Textures/FilmGrain/Medium01.png using Guid(1097e90e1306e26439701489f391a6c0) Importer(815301076,1909f56bfc062723c751e8b465ee728b)  -> (artifact id: '352ad44bdd0ba23d799ea2531733f947') in 0.020282 seconds 
========================================================================
Received Import Request.
  Time since last request: 0.000016 seconds.
  path: Packages/com.unity.render-pipelines.universal/Textures/FilmGrain/Thin02.png
  artifactKey: Guid(dd77ffd079630404e879388999033049) Importer(815301076,1909f56bfc062723c751e8b465ee728b)
Start importing Packages/com.unity.render-pipelines.universal/Textures/FilmGrain/Thin02.png using Guid(dd77ffd079630404e879388999033049) Importer(815301076,1909f56bfc062723c751e8b465ee728b)  -> (artifact id: 'd261402c97d83de39da37aaaf9bd4635') in 0.017651 seconds 
========================================================================
Received Import Request.
  Time since last request: 0.000020 seconds.
  path: Packages/com.unity.render-pipelines.universal/Textures/FilmGrain/Medium03.png
  artifactKey: Guid(9930fb4528622b34687b00bbe6883de7) Importer(815301076,1909f56bfc062723c751e8b465ee728b)
Start importing Packages/com.unity.render-pipelines.universal/Textures/FilmGrain/Medium03.png using Guid(9930fb4528622b34687b00bbe6883de7) Importer(815301076,1909f56bfc062723c751e8b465ee728b)  -> (artifact id: '40d555dda5db677f9f94b245cfb2ab89') in 0.018407 seconds 
Editor requested this worker to shutdown with reason: Scaling down because of idle timeout
AssetImportWorker is now disconnected from the server
Process exiting
Exiting without the bug reporter. Application will terminate with return code 0