Using pre-set license
Built from '2021.3/release' branch; Version is '2021.3.17f1 (3e8111cac19d) revision 4096273'; Using compiler version '192829333'; Build Type 'Release'
OS: 'Windows 10  (10.0.19045) 64bit Professional' Language: 'ru' Physical Memory: 16322 MB
BatchMode: 1, IsHumanControllingUs: 0, StartBugReporterOnCrash: 0, Is64bit: 1, IsPro: 1

COMMAND LINE ARGUMENTS:
C:\Program Files\Unity\Hub\Editor\2021.3.17f1\Editor\Unity.exe
-adb2
-batchMode
-noUpm
-name
AssetImportWorker0
-projectPath
C:/Projects/BallParkour/BallParkour
-logFile
Logs/AssetImportWorker0.log
-srvPort
52725
Successfully changed project path to: C:/Projects/BallParkour/BallParkour
C:/Projects/BallParkour/BallParkour
[UnityMemory] Configuration Parameters - Can be set up in boot.config
    "memorysetup-bucket-allocator-granularity=16"
    "memorysetup-bucket-allocator-bucket-count=8"
    "memorysetup-bucket-allocator-block-size=33554432"
    "memorysetup-bucket-allocator-block-count=8"
    "memorysetup-main-allocator-block-size=16777216"
    "memorysetup-thread-allocator-block-size=16777216"
    "memorysetup-gfx-main-allocator-block-size=16777216"
    "memorysetup-gfx-thread-allocator-block-size=16777216"
    "memorysetup-cache-allocator-block-size=4194304"
    "memorysetup-typetree-allocator-block-size=2097152"
    "memorysetup-profiler-bucket-allocator-granularity=16"
    "memorysetup-profiler-bucket-allocator-bucket-count=8"
    "memorysetup-profiler-bucket-allocator-block-size=33554432"
    "memorysetup-profiler-bucket-allocator-block-count=8"
    "memorysetup-profiler-allocator-block-size=16777216"
    "memorysetup-profiler-editor-allocator-block-size=1048576"
    "memorysetup-temp-allocator-size-main=16777216"
    "memorysetup-job-temp-allocator-block-size=2097152"
    "memorysetup-job-temp-allocator-block-size-background=1048576"
    "memorysetup-job-temp-allocator-reduction-small-platforms=262144"
    "memorysetup-temp-allocator-size-background-worker=32768"
    "memorysetup-temp-allocator-size-job-worker=262144"
    "memorysetup-temp-allocator-size-preload-manager=33554432"
    "memorysetup-temp-allocator-size-nav-mesh-worker=65536"
    "memorysetup-temp-allocator-size-audio-worker=65536"
    "memorysetup-temp-allocator-size-cloud-worker=32768"
    "memorysetup-temp-allocator-size-gi-baking-worker=262144"
    "memorysetup-temp-allocator-size-gfx=262144"
Player connection [21236] Host "[IP] 192.168.0.105 [Port] 0 [Flags] 2 [Guid] 3169348908 [EditorId] 3169348908 [Version] 1048832 [Id] WindowsEditor(7,DESKTOP-IARGS9U) [Debug] 1 [PackageName] WindowsEditor [ProjectName] Editor" joined multi-casting on [225.0.0.222:54997]...

Player connection [21236] Host "[IP] 192.168.0.105 [Port] 0 [Flags] 2 [Guid] 3169348908 [EditorId] 3169348908 [Version] 1048832 [Id] WindowsEditor(7,DESKTOP-IARGS9U) [Debug] 1 [PackageName] WindowsEditor [ProjectName] Editor" joined alternative multi-casting on [225.0.0.222:34997]...

Refreshing native plugins compatible for Editor in 151.43 ms, found 3 plugins.
Preloading 0 native plugins for Editor in 0.00 ms.
Initialize engine version: 2021.3.17f1 (3e8111cac19d)
[Subsystems] Discovering subsystems at path C:/Program Files/Unity/Hub/Editor/2021.3.17f1/Editor/Data/Resources/UnitySubsystems
[Subsystems] Discovering subsystems at path C:/Projects/BallParkour/BallParkour/Assets
GfxDevice: creating device client; threaded=0; jobified=0
Direct3D:
    Version:  Direct3D 11.0 [level 11.1]
    Renderer: NVIDIA GeForce GTX 1070 (ID=0x1b81)
    Vendor:   NVIDIA
    VRAM:     8081 MB
    Driver:   31.0.15.3640
Initialize mono
Mono path[0] = 'C:/Program Files/Unity/Hub/Editor/2021.3.17f1/Editor/Data/Managed'
Mono path[1] = 'C:/Program Files/Unity/Hub/Editor/2021.3.17f1/Editor/Data/MonoBleedingEdge/lib/mono/unityjit-win32'
Mono config path = 'C:/Program Files/Unity/Hub/Editor/2021.3.17f1/Editor/Data/MonoBleedingEdge/etc'
Using monoOptions --debugger-agent=transport=dt_socket,embedding=1,server=y,suspend=n,address=127.0.0.1:56644
Begin MonoManager ReloadAssembly
Registering precompiled unity dll's ...
Register platform support module: C:/Program Files/Unity/Hub/Editor/2021.3.17f1/Editor/Data/PlaybackEngines/AndroidPlayer/UnityEditor.Android.Extensions.dll
Register platform support module: C:/Program Files/Unity/Hub/Editor/2021.3.17f1/Editor/Data/PlaybackEngines/WindowsStandaloneSupport/UnityEditor.WindowsStandalone.Extensions.dll
Registered in 0.011409 seconds.
Native extension for WindowsStandalone target not found
Native extension for Android target not found
Android Extension - Scanning For ADB Devices 2336 ms
Refreshing native plugins compatible for Editor in 127.90 ms, found 3 plugins.
Preloading 0 native plugins for Editor in 0.00 ms.
Mono: successfully reloaded assembly
- Completed reload, in  3.107 seconds
Domain Reload Profiling:
	ReloadAssembly (3107ms)
		BeginReloadAssembly (105ms)
			ExecutionOrderSort (0ms)
			DisableScriptedObjects (0ms)
			BackupInstance (0ms)
			ReleaseScriptingObjects (0ms)
			CreateAndSetChildDomain (1ms)
		EndReloadAssembly (2867ms)
			LoadAssemblies (103ms)
			RebuildTransferFunctionScriptingTraits (0ms)
			SetupTypeCache (133ms)
			ReleaseScriptCaches (0ms)
			RebuildScriptCaches (27ms)
			SetupLoadedEditorAssemblies (2655ms)
				LogAssemblyErrors (0ms)
				InitializePlatformSupportModulesInManaged (2405ms)
				SetLoadedEditorAssemblies (0ms)
				RefreshPlugins (128ms)
				BeforeProcessingInitializeOnLoad (1ms)
				ProcessInitializeOnLoadAttributes (81ms)
				ProcessInitializeOnLoadMethodAttributes (40ms)
				AfterProcessingInitializeOnLoad (0ms)
				EditorAssembliesLoaded (0ms)
			ExecutionOrderSort2 (0ms)
			AwakeInstancesAfterBackupRestoration (0ms)
Platform modules already initialized, skipping
Registering precompiled user dll's ...
Registered in 0.008077 seconds.
Begin MonoManager ReloadAssembly
Symbol file LoadedFromMemory doesn't match image C:\Projects\BallParkour\BallParkour\Library\PackageCache\com.unity.visualscripting@1.8.0\Editor\VisualScripting.Core\Dependencies\YamlDotNet\Unity.VisualScripting.YamlDotNet.dll
Symbol file LoadedFromMemory doesn't match image C:\Projects\BallParkour\BallParkour\Library\PackageCache\com.unity.visualscripting@1.8.0\Editor\VisualScripting.Core\Dependencies\DotNetZip\Unity.VisualScripting.IonicZip.dll
Native extension for WindowsStandalone target not found
Native extension for Android target not found
Refreshing native plugins compatible for Editor in 135.83 ms, found 3 plugins.
Preloading 0 native plugins for Editor in 0.00 ms.
Mono: successfully reloaded assembly
- Completed reload, in  1.482 seconds
Domain Reload Profiling:
	ReloadAssembly (1483ms)
		BeginReloadAssembly (104ms)
			ExecutionOrderSort (0ms)
			DisableScriptedObjects (5ms)
			BackupInstance (0ms)
			ReleaseScriptingObjects (0ms)
			CreateAndSetChildDomain (19ms)
		EndReloadAssembly (1257ms)
			LoadAssemblies (97ms)
			RebuildTransferFunctionScriptingTraits (0ms)
			SetupTypeCache (354ms)
			ReleaseScriptCaches (1ms)
			RebuildScriptCaches (67ms)
			SetupLoadedEditorAssemblies (698ms)
				LogAssemblyErrors (0ms)
				InitializePlatformSupportModulesInManaged (15ms)
				SetLoadedEditorAssemblies (0ms)
				RefreshPlugins (136ms)
				BeforeProcessingInitializeOnLoad (131ms)
				ProcessInitializeOnLoadAttributes (337ms)
				ProcessInitializeOnLoadMethodAttributes (72ms)
				AfterProcessingInitializeOnLoad (7ms)
				EditorAssembliesLoaded (0ms)
			ExecutionOrderSort2 (0ms)
			AwakeInstancesAfterBackupRestoration (5ms)
Platform modules already initialized, skipping
========================================================================
Worker process is ready to serve import requests
Launched and connected shader compiler UnityShaderCompiler.exe after 0.04 seconds
Refreshing native plugins compatible for Editor in 1.48 ms, found 3 plugins.
Preloading 0 native plugins for Editor in 0.00 ms.
Unloading 6278 Unused Serialized files (Serialized files now loaded: 0)
Unloading 64 unused Assets / (2.0 MB). Loaded Objects now: 6721.
Memory consumption went from 260.0 MB to 257.9 MB.
Total: 4.879800 ms (FindLiveObjects: 0.636100 ms CreateObjectMapping: 0.667900 ms MarkObjects: 3.021400 ms  DeleteObjects: 0.553200 ms)

AssetImportParameters requested are different than current active one (requested -> active):
  custom:video-decoder-ogg-theora: a1e56fd34408186e4bbccfd4996cb3dc -> 
  custom:container-muxer-webm: aa71ff27fc2769a1b78a27578f13a17b -> 
  custom:container-demuxer-webm: 4f35f7cbe854078d1ac9338744f61a02 -> 
  custom:video-encoder-webm-vp8: eb34c28f22e8b96e1ab97ce403110664 -> 
  custom:audio-encoder-webm-vorbis: bf7c407c2cedff20999df2af8eb42d56 -> 
  custom:framework-win-MediaFoundation: 216162199b28c13a410421893ffa2e32 -> 
  custom:container-demuxer-ogg: 62fdf1f143b41e24485cea50d1cbac27 -> 
  custom:video-decoder-webm-vp8: 9c59270c3fd7afecdb556c50c9e8de78 -> 
  custom:audio-decoder-ogg-vorbis: bf7c407c2cedff20999df2af8eb42d56 -> 
========================================================================
Received Import Request.
  Time since last request: 985726.358249 seconds.
  path: Assets/OtRuki SDF.asset
  artifactKey: Guid(1bb14c2f6ed941f4d88732f2d49a25b4) Importer(815301076,1909f56bfc062723c751e8b465ee728b)
Start importing Assets/OtRuki SDF.asset using Guid(1bb14c2f6ed941f4d88732f2d49a25b4) Importer(815301076,1909f56bfc062723c751e8b465ee728b)  -> (artifact id: '07caca980ed83be4e68a27cac3b3d289') in 0.650461 seconds 
========================================================================
Received Import Request.
  Time since last request: 0.000034 seconds.
  path: Assets/OtRuki.ttf
  artifactKey: Guid(c4409432a0b2e1546b880432a305ace1) Importer(815301076,1909f56bfc062723c751e8b465ee728b)
Start importing Assets/OtRuki.ttf using Guid(c4409432a0b2e1546b880432a305ace1) Importer(815301076,1909f56bfc062723c751e8b465ee728b)  -> (artifact id: 'e75d9e5219fec41329361d6c34b8f512') in 0.028876 seconds 
========================================================================
Received Import Request.
  Time since last request: 13.646139 seconds.
  path: Assets/Scene
  artifactKey: Guid(ffbe186705343804787dbd0551789277) Importer(815301076,1909f56bfc062723c751e8b465ee728b)
Start importing Assets/Scene using Guid(ffbe186705343804787dbd0551789277) Importer(815301076,1909f56bfc062723c751e8b465ee728b)  -> (artifact id: '166d56bd79b82c080539c61a921a75c8') in 0.009021 seconds 
========================================================================
Received Import Request.
  Time since last request: 0.862198 seconds.
  path: Assets/Scene/SampleScene.unity
  artifactKey: Guid(99c9720ab356a0642a771bea13969a05) Importer(815301076,1909f56bfc062723c751e8b465ee728b)
Start importing Assets/Scene/SampleScene.unity using Guid(99c9720ab356a0642a771bea13969a05) Importer(815301076,1909f56bfc062723c751e8b465ee728b)  -> (artifact id: '61cd69356d2fa6fecdb6aace357982e0') in 0.010773 seconds 
========================================================================
Received Import Request.
  Time since last request: 20.049140 seconds.
  path: Assets/Settings
  artifactKey: Guid(8afeaa99826a4524187c5e6522ac9011) Importer(815301076,1909f56bfc062723c751e8b465ee728b)
Start importing Assets/Settings using Guid(8afeaa99826a4524187c5e6522ac9011) Importer(815301076,1909f56bfc062723c751e8b465ee728b)  -> (artifact id: 'be17d3918e4934189c2be9d7805c2a87') in 0.010303 seconds 
========================================================================
Received Import Request.
  Time since last request: 0.798315 seconds.
  path: Assets/Settings/Graphics
  artifactKey: Guid(1b4243b0f4030b04798993b3922b3b7f) Importer(815301076,1909f56bfc062723c751e8b465ee728b)
Start importing Assets/Settings/Graphics using Guid(1b4243b0f4030b04798993b3922b3b7f) Importer(815301076,1909f56bfc062723c751e8b465ee728b)  -> (artifact id: 'f2a0f183383a7c574e36c9e212fec880') in 0.009943 seconds 
========================================================================
Received Import Request.
  Time since last request: 0.029923 seconds.
  path: Assets/Settings/Graphics/UniversalRenderPipelineGlobalSettings.asset
  artifactKey: Guid(5711b176abbcc1d40a95f78f497b88af) Importer(815301076,1909f56bfc062723c751e8b465ee728b)
Start importing Assets/Settings/Graphics/UniversalRenderPipelineGlobalSettings.asset using Guid(5711b176abbcc1d40a95f78f497b88af) Importer(815301076,1909f56bfc062723c751e8b465ee728b)  -> (artifact id: '644876a0e486d17b405876ba903cf397') in 0.009569 seconds 
========================================================================
Received Import Request.
  Time since last request: 0.000023 seconds.
  path: Assets/Settings/Graphics/URP_Renderer.asset
  artifactKey: Guid(747e589186b5f3b469a58dfd156a0702) Importer(815301076,1909f56bfc062723c751e8b465ee728b)
Start importing Assets/Settings/Graphics/URP_Renderer.asset using Guid(747e589186b5f3b469a58dfd156a0702) Importer(815301076,1909f56bfc062723c751e8b465ee728b)  -> (artifact id: '63fcec5f34bc5d3898dc70009a6a715c') in 0.010457 seconds 
========================================================================
Received Import Request.
  Time since last request: 34.675333 seconds.
  path: ProjectSettings/TagManager.asset
  artifactKey: Guid(00000000000000003000000000000000) Importer(815301076,1909f56bfc062723c751e8b465ee728b)
Start importing ProjectSettings/TagManager.asset using Guid(00000000000000003000000000000000) Importer(815301076,1909f56bfc062723c751e8b465ee728b)  -> (artifact id: 'f184b73da8b507cb0b1bb0c9348415ab') in 0.010086 seconds 
========================================================================
Received Import Request.
  Time since last request: 15.485833 seconds.
  path: ProjectSettings/TagManager.asset
  artifactKey: Guid(00000000000000003000000000000000) Importer(815301076,1909f56bfc062723c751e8b465ee728b)
Start importing ProjectSettings/TagManager.asset using Guid(00000000000000003000000000000000) Importer(815301076,1909f56bfc062723c751e8b465ee728b)  -> (artifact id: 'ee640cc89af939d352d0f3486596f50c') in 0.002673 seconds 
========================================================================
Received Import Request.
  Time since last request: 9.227677 seconds.
  path: Assets/Settings/Graphics/URP_Renderer.asset
  artifactKey: Guid(747e589186b5f3b469a58dfd156a0702) Importer(815301076,1909f56bfc062723c751e8b465ee728b)
Start importing Assets/Settings/Graphics/URP_Renderer.asset using Guid(747e589186b5f3b469a58dfd156a0702) Importer(815301076,1909f56bfc062723c751e8b465ee728b)  -> (artifact id: '89629d9dfb8d5dc0cbc912e20ea3c5f9') in 0.003050 seconds 
========================================================================
Received Import Request.
  Time since last request: 6.271807 seconds.
  path: Assets/Settings/Graphics/URP_Renderer.asset
  artifactKey: Guid(747e589186b5f3b469a58dfd156a0702) Importer(815301076,1909f56bfc062723c751e8b465ee728b)
Start importing Assets/Settings/Graphics/URP_Renderer.asset using Guid(747e589186b5f3b469a58dfd156a0702) Importer(815301076,1909f56bfc062723c751e8b465ee728b)  -> (artifact id: 'f38eaccc9eab1e0628a4c99d49443ff4') in 0.003403 seconds 
========================================================================
Received Import Request.
  Time since last request: 82.671355 seconds.
  path: Assets/Prefabs/Modular Industrial Set/Settings/MIS_UniversalRP.asset
  artifactKey: Guid(fcee1b51c342cba4f939e91ee1dd92cd) Importer(815301076,1909f56bfc062723c751e8b465ee728b)
Start importing Assets/Prefabs/Modular Industrial Set/Settings/MIS_UniversalRP.asset using Guid(fcee1b51c342cba4f939e91ee1dd92cd) Importer(815301076,1909f56bfc062723c751e8b465ee728b)  -> (artifact id: '5435a018884b2ee1091470e66930d78a') in 0.014456 seconds 
========================================================================
Received Import Request.
  Time since last request: 97.647513 seconds.
  path: Assets/Settings/Graphics/URP.asset
  artifactKey: Guid(13589c0662121bb4a835e8bf91a98bcd) Importer(815301076,1909f56bfc062723c751e8b465ee728b)
Start importing Assets/Settings/Graphics/URP.asset using Guid(13589c0662121bb4a835e8bf91a98bcd) Importer(815301076,1909f56bfc062723c751e8b465ee728b)  -> (artifact id: '465760a54938ae33fab4c97c40db3891') in 0.004328 seconds 
========================================================================
Received Import Request.
  Time since last request: 59.934626 seconds.
  path: Packages/com.unity.render-pipelines.universal/package.json
  artifactKey: Guid(30648b8d550465f4bb77f1e1afd0b37d) Importer(815301076,1909f56bfc062723c751e8b465ee728b)
Start importing Packages/com.unity.render-pipelines.universal/package.json using Guid(30648b8d550465f4bb77f1e1afd0b37d) Importer(815301076,1909f56bfc062723c751e8b465ee728b)  -> (artifact id: 'dcd9a1e24c61e7ba8ba8d681f5d9cce7') in 0.013043 seconds 
========================================================================
Received Import Request.
  Time since last request: 43.560018 seconds.
  path: Packages/com.unity.render-pipelines.universal/Runtime/Data/PostProcessData.asset
  artifactKey: Guid(41439944d30ece34e96484bdb6645b55) Importer(815301076,1909f56bfc062723c751e8b465ee728b)
Start importing Packages/com.unity.render-pipelines.universal/Runtime/Data/PostProcessData.asset using Guid(41439944d30ece34e96484bdb6645b55) Importer(815301076,1909f56bfc062723c751e8b465ee728b)  -> (artifact id: 'a675d8de72ad66cf37b51f9f25f5f295') in 0.011720 seconds 
========================================================================
Received Import Request.
  Time since last request: 0.000026 seconds.
  path: Packages/com.unity.render-pipelines.universal/Runtime/Data/UniversalRenderPipelineEditorResources.asset
  artifactKey: Guid(a3d8d823eedde654bb4c11a1cfaf1abb) Importer(815301076,1909f56bfc062723c751e8b465ee728b)
Start importing Packages/com.unity.render-pipelines.universal/Runtime/Data/UniversalRenderPipelineEditorResources.asset using Guid(a3d8d823eedde654bb4c11a1cfaf1abb) Importer(815301076,1909f56bfc062723c751e8b465ee728b)  -> (artifact id: '28338fd6d75766348cc74e84f37b1222') in 0.020370 seconds 
========================================================================
Received Import Request.
  Time since last request: 79.061757 seconds.
  path: Assets/Materials/Ground/grass.png
  artifactKey: Guid(370a3acac13bb6a49935485031d0ad26) Importer(815301076,1909f56bfc062723c751e8b465ee728b)
Start importing Assets/Materials/Ground/grass.png using Guid(370a3acac13bb6a49935485031d0ad26) Importer(815301076,1909f56bfc062723c751e8b465ee728b)  -> (artifact id: 'f1a3f75b98e4aa683a6dbd1f06f708cc') in 0.033619 seconds 
========================================================================
Received Import Request.
  Time since last request: 0.000030 seconds.
  path: Assets/Materials/Ground/rocks_normalmap.png
  artifactKey: Guid(01aa97e3b5008f34bb7c1722cbde24fd) Importer(815301076,1909f56bfc062723c751e8b465ee728b)
Start importing Assets/Materials/Ground/rocks_normalmap.png using Guid(01aa97e3b5008f34bb7c1722cbde24fd) Importer(815301076,1909f56bfc062723c751e8b465ee728b)  -> (artifact id: '07f9319b1fd6eb87b26b54f997af111a') in 0.026498 seconds 
========================================================================
Received Import Request.
  Time since last request: 0.000022 seconds.
  path: Assets/Materials/Ground/Ground.mat
  artifactKey: Guid(ef2aedff36bfbff4ebaf050b426a5f4f) Importer(815301076,1909f56bfc062723c751e8b465ee728b)
Start importing Assets/Materials/Ground/Ground.mat using Guid(ef2aedff36bfbff4ebaf050b426a5f4f) Importer(815301076,1909f56bfc062723c751e8b465ee728b)  -> (artifact id: '88002d34c03f642a0b8d8829f0a88e8c') in 0.340163 seconds 
========================================================================
Received Import Request.
  Time since last request: 0.000034 seconds.
  path: Assets/Materials/Ground/rocks.jpg
  artifactKey: Guid(2bf8e5608ecb0374a8baef1b457e7ff8) Importer(815301076,1909f56bfc062723c751e8b465ee728b)
Start importing Assets/Materials/Ground/rocks.jpg using Guid(2bf8e5608ecb0374a8baef1b457e7ff8) Importer(815301076,1909f56bfc062723c751e8b465ee728b)  -> (artifact id: '8dd1d58583a58de98eafa379e1fd93fe') in 0.026963 seconds 
========================================================================
Received Import Request.
  Time since last request: 7.731070 seconds.
  path: Assets/Prefabs/Modular Industrial Set/Materials/MIS_Bricks_01.mat
  artifactKey: Guid(2bd2ee7d901cc5044bffedb7324e18b5) Importer(815301076,1909f56bfc062723c751e8b465ee728b)
Start importing Assets/Prefabs/Modular Industrial Set/Materials/MIS_Bricks_01.mat using Guid(2bd2ee7d901cc5044bffedb7324e18b5) Importer(815301076,1909f56bfc062723c751e8b465ee728b)  -> (artifact id: 'b1401f8c6abe8f1df6f83b9d6c67c725') in 0.288620 seconds 
========================================================================
Received Import Request.
  Time since last request: 0.000029 seconds.
  path: Assets/Prefabs/Modular Industrial Set/Materials/MIS_Windows_00.mat
  artifactKey: Guid(76e1e4888190aa047bbdbe1d18893dd1) Importer(815301076,1909f56bfc062723c751e8b465ee728b)
Start importing Assets/Prefabs/Modular Industrial Set/Materials/MIS_Windows_00.mat using Guid(76e1e4888190aa047bbdbe1d18893dd1) Importer(815301076,1909f56bfc062723c751e8b465ee728b)  -> (artifact id: '4bc0044f6974cf63654e32ba42c8a23c') in 0.025649 seconds 
========================================================================
Received Import Request.
  Time since last request: 0.000035 seconds.
  path: Assets/Prefabs/Modular Industrial Set/Materials/MIS_Roads_00.mat
  artifactKey: Guid(7c836c3785e4ed84a87218ae355a4040) Importer(815301076,1909f56bfc062723c751e8b465ee728b)
Start importing Assets/Prefabs/Modular Industrial Set/Materials/MIS_Roads_00.mat using Guid(7c836c3785e4ed84a87218ae355a4040) Importer(815301076,1909f56bfc062723c751e8b465ee728b)  -> (artifact id: 'c39d98fc193fcd294558248f2f757b6f') in 0.158724 seconds 
========================================================================
Received Import Request.
  Time since last request: 0.000030 seconds.
  path: Assets/Prefabs/Modular Industrial Set/Materials/MIS_Skybox_00.mat
  artifactKey: Guid(45aaa8fcc5e46dd4898ae61c4d2d4863) Importer(815301076,1909f56bfc062723c751e8b465ee728b)
Start importing Assets/Prefabs/Modular Industrial Set/Materials/MIS_Skybox_00.mat using Guid(45aaa8fcc5e46dd4898ae61c4d2d4863) Importer(815301076,1909f56bfc062723c751e8b465ee728b)  -> (artifact id: 'aa5dd31c7c049c6c2d5cfd0c7698f96e') in 0.120039 seconds 
========================================================================
Received Import Request.
  Time since last request: 0.000052 seconds.
  path: Assets/Prefabs/Modular Industrial Set/Materials/MIS_Doors_00.mat
  artifactKey: Guid(7b62f2a0d9c39064892b08af88087f24) Importer(815301076,1909f56bfc062723c751e8b465ee728b)
Start importing Assets/Prefabs/Modular Industrial Set/Materials/MIS_Doors_00.mat using Guid(7b62f2a0d9c39064892b08af88087f24) Importer(815301076,1909f56bfc062723c751e8b465ee728b)  -> (artifact id: '57f14def6a61e92e00e52592a4d7e3a4') in 0.024518 seconds 
========================================================================
Received Import Request.
  Time since last request: 13.343084 seconds.
  path: Assets/Materials/Crosshair.mat
  artifactKey: Guid(c708fc668c6fb8c42b866c4746bb2be4) Importer(815301076,1909f56bfc062723c751e8b465ee728b)
Start importing Assets/Materials/Crosshair.mat using Guid(c708fc668c6fb8c42b866c4746bb2be4) Importer(815301076,1909f56bfc062723c751e8b465ee728b)  -> (artifact id: '9d65a4f43a2b10cfd0f80672e0bc7612') in 0.466325 seconds 
========================================================================
Received Import Request.
  Time since last request: 11.417439 seconds.
  path: Assets/Prefabs/Modular Industrial Set/Materials/MIS_Bricks_01.mat
  artifactKey: Guid(2bd2ee7d901cc5044bffedb7324e18b5) Importer(815301076,1909f56bfc062723c751e8b465ee728b)
Start importing Assets/Prefabs/Modular Industrial Set/Materials/MIS_Bricks_01.mat using Guid(2bd2ee7d901cc5044bffedb7324e18b5) Importer(815301076,1909f56bfc062723c751e8b465ee728b)  -> (artifact id: '733beef4e97e51322ac921e1793ce373') in 0.240756 seconds 
========================================================================
Received Import Request.
  Time since last request: 0.000028 seconds.
  path: Assets/Prefabs/Modular Industrial Set/Materials/MIS_Windows_00.mat
  artifactKey: Guid(76e1e4888190aa047bbdbe1d18893dd1) Importer(815301076,1909f56bfc062723c751e8b465ee728b)
Start importing Assets/Prefabs/Modular Industrial Set/Materials/MIS_Windows_00.mat using Guid(76e1e4888190aa047bbdbe1d18893dd1) Importer(815301076,1909f56bfc062723c751e8b465ee728b)  -> (artifact id: '48140a5115ec2451fb5ae4771259ef49') in 0.023066 seconds 
========================================================================
Received Import Request.
  Time since last request: 0.000060 seconds.
  path: Assets/Prefabs/Modular Industrial Set/Materials/MIS_Props_01.mat
  artifactKey: Guid(01920771d3e670d4a96231352f720b97) Importer(815301076,1909f56bfc062723c751e8b465ee728b)
Start importing Assets/Prefabs/Modular Industrial Set/Materials/MIS_Props_01.mat using Guid(01920771d3e670d4a96231352f720b97) Importer(815301076,1909f56bfc062723c751e8b465ee728b)  -> (artifact id: '07e95b915cfad104d54b5b776ae055ee') in 0.193663 seconds 
========================================================================
Received Import Request.
  Time since last request: 0.000029 seconds.
  path: Assets/Prefabs/Modular Industrial Set/Materials/MIS_Tubes_00.mat
  artifactKey: Guid(79995e459a00fdd4298fdd9632d16bb4) Importer(815301076,1909f56bfc062723c751e8b465ee728b)
Start importing Assets/Prefabs/Modular Industrial Set/Materials/MIS_Tubes_00.mat using Guid(79995e459a00fdd4298fdd9632d16bb4) Importer(815301076,1909f56bfc062723c751e8b465ee728b)  -> (artifact id: '0d92d5bd54d197c46b0ee6bd3dfdef1f') in 0.024403 seconds 
========================================================================
Received Import Request.
  Time since last request: 0.000041 seconds.
  path: Assets/Prefabs/Modular Industrial Set/Materials/MIS_Doors_00.mat
  artifactKey: Guid(7b62f2a0d9c39064892b08af88087f24) Importer(815301076,1909f56bfc062723c751e8b465ee728b)
Start importing Assets/Prefabs/Modular Industrial Set/Materials/MIS_Doors_00.mat using Guid(7b62f2a0d9c39064892b08af88087f24) Importer(815301076,1909f56bfc062723c751e8b465ee728b)  -> (artifact id: '443d415fc98eef16df66314361d67d90') in 0.019700 seconds 
========================================================================
Received Prepare
Refreshing native plugins compatible for Editor in 4.76 ms, found 3 plugins.
Preloading 0 native plugins for Editor in 0.00 ms.
Unloading 46 Unused Serialized files (Serialized files now loaded: 0)
Unloading 45 unused Assets / (2.0 MB). Loaded Objects now: 6864.
Memory consumption went from 127.5 MB to 125.5 MB.
Total: 5.750700 ms (FindLiveObjects: 0.578900 ms CreateObjectMapping: 0.570200 ms MarkObjects: 4.086200 ms  DeleteObjects: 0.514400 ms)

AssetImportParameters requested are different than current active one (requested -> active):
  custom:video-decoder-ogg-theora: a1e56fd34408186e4bbccfd4996cb3dc -> 
  custom:container-muxer-webm: aa71ff27fc2769a1b78a27578f13a17b -> 
  custom:container-demuxer-webm: 4f35f7cbe854078d1ac9338744f61a02 -> 
  custom:video-encoder-webm-vp8: eb34c28f22e8b96e1ab97ce403110664 -> 
  custom:audio-encoder-webm-vorbis: bf7c407c2cedff20999df2af8eb42d56 -> 
  custom:framework-win-MediaFoundation: 216162199b28c13a410421893ffa2e32 -> 
  custom:container-demuxer-ogg: 62fdf1f143b41e24485cea50d1cbac27 -> 
  custom:video-decoder-webm-vp8: 9c59270c3fd7afecdb556c50c9e8de78 -> 
  custom:audio-decoder-ogg-vorbis: bf7c407c2cedff20999df2af8eb42d56 -> 
Editor requested this worker to shutdown with reason: Scaling down because of idle timeout
AssetImportWorkerClient::OnTransportError - code=2 error=End of file
AssetImportWorker is now disconnected from the server
Process exiting
Exiting without the bug reporter. Application will terminate with return code 0