Using pre-set license
Built from '2021.3/release' branch; Version is '2021.3.17f1 (3e8111cac19d) revision 4096273'; Using compiler version '192829333'; Build Type 'Release'
OS: 'Windows 10  (10.0.19045) 64bit Professional' Language: 'ru' Physical Memory: 16322 MB
BatchMode: 1, IsHumanControllingUs: 0, StartBugReporterOnCrash: 0, Is64bit: 1, IsPro: 1

COMMAND LINE ARGUMENTS:
C:\Program Files\Unity\Hub\Editor\2021.3.17f1\Editor\Unity.exe
-adb2
-batchMode
-noUpm
-name
AssetImportWorker7
-projectPath
C:/Projects/BallParkour/BallParkour
-logFile
Logs/AssetImportWorker7.log
-srvPort
52725
Successfully changed project path to: C:/Projects/BallParkour/BallParkour
C:/Projects/BallParkour/BallParkour
[UnityMemory] Configuration Parameters - Can be set up in boot.config
    "memorysetup-bucket-allocator-granularity=16"
    "memorysetup-bucket-allocator-bucket-count=8"
    "memorysetup-bucket-allocator-block-size=33554432"
    "memorysetup-bucket-allocator-block-count=8"
    "memorysetup-main-allocator-block-size=16777216"
    "memorysetup-thread-allocator-block-size=16777216"
    "memorysetup-gfx-main-allocator-block-size=16777216"
    "memorysetup-gfx-thread-allocator-block-size=16777216"
    "memorysetup-cache-allocator-block-size=4194304"
    "memorysetup-typetree-allocator-block-size=2097152"
    "memorysetup-profiler-bucket-allocator-granularity=16"
    "memorysetup-profiler-bucket-allocator-bucket-count=8"
    "memorysetup-profiler-bucket-allocator-block-size=33554432"
    "memorysetup-profiler-bucket-allocator-block-count=8"
    "memorysetup-profiler-allocator-block-size=16777216"
    "memorysetup-profiler-editor-allocator-block-size=1048576"
    "memorysetup-temp-allocator-size-main=16777216"
    "memorysetup-job-temp-allocator-block-size=2097152"
    "memorysetup-job-temp-allocator-block-size-background=1048576"
    "memorysetup-job-temp-allocator-reduction-small-platforms=262144"
    "memorysetup-temp-allocator-size-background-worker=32768"
    "memorysetup-temp-allocator-size-job-worker=262144"
    "memorysetup-temp-allocator-size-preload-manager=33554432"
    "memorysetup-temp-allocator-size-nav-mesh-worker=65536"
    "memorysetup-temp-allocator-size-audio-worker=65536"
    "memorysetup-temp-allocator-size-cloud-worker=32768"
    "memorysetup-temp-allocator-size-gi-baking-worker=262144"
    "memorysetup-temp-allocator-size-gfx=262144"
Player connection [15580] Host "[IP] 192.168.0.105 [Port] 0 [Flags] 2 [Guid] 5643351 [EditorId] 5643351 [Version] 1048832 [Id] WindowsEditor(7,DESKTOP-IARGS9U) [Debug] 1 [PackageName] WindowsEditor [ProjectName] Editor" joined multi-casting on [225.0.0.222:54997]...

Player connection [15580] Host "[IP] 192.168.0.105 [Port] 0 [Flags] 2 [Guid] 5643351 [EditorId] 5643351 [Version] 1048832 [Id] WindowsEditor(7,DESKTOP-IARGS9U) [Debug] 1 [PackageName] WindowsEditor [ProjectName] Editor" joined alternative multi-casting on [225.0.0.222:34997]...

Refreshing native plugins compatible for Editor in 127.00 ms, found 3 plugins.
Preloading 0 native plugins for Editor in 0.00 ms.
Initialize engine version: 2021.3.17f1 (3e8111cac19d)
[Subsystems] Discovering subsystems at path C:/Program Files/Unity/Hub/Editor/2021.3.17f1/Editor/Data/Resources/UnitySubsystems
[Subsystems] Discovering subsystems at path C:/Projects/BallParkour/BallParkour/Assets
GfxDevice: creating device client; threaded=0; jobified=0
Direct3D:
    Version:  Direct3D 11.0 [level 11.1]
    Renderer: NVIDIA GeForce GTX 1070 (ID=0x1b81)
    Vendor:   NVIDIA
    VRAM:     8081 MB
    Driver:   31.0.15.3640
Initialize mono
Mono path[0] = 'C:/Program Files/Unity/Hub/Editor/2021.3.17f1/Editor/Data/Managed'
Mono path[1] = 'C:/Program Files/Unity/Hub/Editor/2021.3.17f1/Editor/Data/MonoBleedingEdge/lib/mono/unityjit-win32'
Mono config path = 'C:/Program Files/Unity/Hub/Editor/2021.3.17f1/Editor/Data/MonoBleedingEdge/etc'
Using monoOptions --debugger-agent=transport=dt_socket,embedding=1,server=y,suspend=n,address=127.0.0.1:56156
Begin MonoManager ReloadAssembly
Registering precompiled unity dll's ...
Register platform support module: C:/Program Files/Unity/Hub/Editor/2021.3.17f1/Editor/Data/PlaybackEngines/AndroidPlayer/UnityEditor.Android.Extensions.dll
Register platform support module: C:/Program Files/Unity/Hub/Editor/2021.3.17f1/Editor/Data/PlaybackEngines/WindowsStandaloneSupport/UnityEditor.WindowsStandalone.Extensions.dll
Registered in 0.007130 seconds.
Native extension for WindowsStandalone target not found
Native extension for Android target not found
Android Extension - Scanning For ADB Devices 254 ms
Refreshing native plugins compatible for Editor in 121.44 ms, found 3 plugins.
Preloading 0 native plugins for Editor in 0.00 ms.
Mono: successfully reloaded assembly
- Completed reload, in  0.914 seconds
Domain Reload Profiling:
	ReloadAssembly (915ms)
		BeginReloadAssembly (70ms)
			ExecutionOrderSort (0ms)
			DisableScriptedObjects (0ms)
			BackupInstance (0ms)
			ReleaseScriptingObjects (0ms)
			CreateAndSetChildDomain (1ms)
		EndReloadAssembly (722ms)
			LoadAssemblies (68ms)
			RebuildTransferFunctionScriptingTraits (0ms)
			SetupTypeCache (101ms)
			ReleaseScriptCaches (0ms)
			RebuildScriptCaches (25ms)
			SetupLoadedEditorAssemblies (549ms)
				LogAssemblyErrors (0ms)
				InitializePlatformSupportModulesInManaged (311ms)
				SetLoadedEditorAssemblies (0ms)
				RefreshPlugins (122ms)
				BeforeProcessingInitializeOnLoad (1ms)
				ProcessInitializeOnLoadAttributes (77ms)
				ProcessInitializeOnLoadMethodAttributes (38ms)
				AfterProcessingInitializeOnLoad (0ms)
				EditorAssembliesLoaded (0ms)
			ExecutionOrderSort2 (0ms)
			AwakeInstancesAfterBackupRestoration (0ms)
Platform modules already initialized, skipping
Registering precompiled user dll's ...
Registered in 0.008027 seconds.
Begin MonoManager ReloadAssembly
Symbol file LoadedFromMemory doesn't match image C:\Projects\BallParkour\BallParkour\Library\PackageCache\com.unity.visualscripting@1.8.0\Editor\VisualScripting.Core\Dependencies\YamlDotNet\Unity.VisualScripting.YamlDotNet.dll
Symbol file LoadedFromMemory doesn't match image C:\Projects\BallParkour\BallParkour\Library\PackageCache\com.unity.visualscripting@1.8.0\Editor\VisualScripting.Core\Dependencies\DotNetZip\Unity.VisualScripting.IonicZip.dll
Native extension for WindowsStandalone target not found
Native extension for Android target not found
Refreshing native plugins compatible for Editor in 124.22 ms, found 3 plugins.
Preloading 0 native plugins for Editor in 0.00 ms.
Mono: successfully reloaded assembly
- Completed reload, in  1.391 seconds
Domain Reload Profiling:
	ReloadAssembly (1392ms)
		BeginReloadAssembly (101ms)
			ExecutionOrderSort (0ms)
			DisableScriptedObjects (5ms)
			BackupInstance (0ms)
			ReleaseScriptingObjects (0ms)
			CreateAndSetChildDomain (18ms)
		EndReloadAssembly (1183ms)
			LoadAssemblies (91ms)
			RebuildTransferFunctionScriptingTraits (0ms)
			SetupTypeCache (320ms)
			ReleaseScriptCaches (1ms)
			RebuildScriptCaches (65ms)
			SetupLoadedEditorAssemblies (665ms)
				LogAssemblyErrors (0ms)
				InitializePlatformSupportModulesInManaged (15ms)
				SetLoadedEditorAssemblies (0ms)
				RefreshPlugins (124ms)
				BeforeProcessingInitializeOnLoad (127ms)
				ProcessInitializeOnLoadAttributes (315ms)
				ProcessInitializeOnLoadMethodAttributes (77ms)
				AfterProcessingInitializeOnLoad (7ms)
				EditorAssembliesLoaded (0ms)
			ExecutionOrderSort2 (0ms)
			AwakeInstancesAfterBackupRestoration (6ms)
Platform modules already initialized, skipping
========================================================================
Worker process is ready to serve import requests
Launched and connected shader compiler UnityShaderCompiler.exe after 0.04 seconds
Refreshing native plugins compatible for Editor in 1.08 ms, found 3 plugins.
Preloading 0 native plugins for Editor in 0.00 ms.
Unloading 6280 Unused Serialized files (Serialized files now loaded: 0)
Unloading 64 unused Assets / (2.1 MB). Loaded Objects now: 6726.
Memory consumption went from 260.7 MB to 258.6 MB.
Total: 5.063700 ms (FindLiveObjects: 0.569800 ms CreateObjectMapping: 0.548400 ms MarkObjects: 3.056900 ms  DeleteObjects: 0.887300 ms)

AssetImportParameters requested are different than current active one (requested -> active):
  custom:video-decoder-ogg-theora: a1e56fd34408186e4bbccfd4996cb3dc -> 
  custom:container-muxer-webm: aa71ff27fc2769a1b78a27578f13a17b -> 
  custom:container-demuxer-webm: 4f35f7cbe854078d1ac9338744f61a02 -> 
  custom:video-encoder-webm-vp8: eb34c28f22e8b96e1ab97ce403110664 -> 
  custom:audio-encoder-webm-vorbis: bf7c407c2cedff20999df2af8eb42d56 -> 
  custom:framework-win-MediaFoundation: 216162199b28c13a410421893ffa2e32 -> 
  custom:container-demuxer-ogg: 62fdf1f143b41e24485cea50d1cbac27 -> 
  custom:video-decoder-webm-vp8: 9c59270c3fd7afecdb556c50c9e8de78 -> 
  custom:audio-decoder-ogg-vorbis: bf7c407c2cedff20999df2af8eb42d56 -> 
========================================================================
Received Import Request.
  Time since last request: 988870.137225 seconds.
  path: Assets/Prefabs/Modular Industrial Set/Textrures/MIS_Doors_00/MIS_Doors_00_Height.png
  artifactKey: Guid(bb94fdd1e758e2e4fb16df586f99b6eb) Importer(815301076,1909f56bfc062723c751e8b465ee728b)
Start importing Assets/Prefabs/Modular Industrial Set/Textrures/MIS_Doors_00/MIS_Doors_00_Height.png using Guid(bb94fdd1e758e2e4fb16df586f99b6eb) Importer(815301076,1909f56bfc062723c751e8b465ee728b)  -> (artifact id: '2a49196ad1d147bf25860f6d4cfa0bcc') in 0.092677 seconds 
========================================================================
Received Import Request.
  Time since last request: 2.588024 seconds.
  path: Assets/Prefabs/Modular Industrial Set/Textrures/MIS_Fences_00/MIS_Fences_00_Height.png
  artifactKey: Guid(51ce3c85fcf1e694991051ecd32ac96c) Importer(815301076,1909f56bfc062723c751e8b465ee728b)
Start importing Assets/Prefabs/Modular Industrial Set/Textrures/MIS_Fences_00/MIS_Fences_00_Height.png using Guid(51ce3c85fcf1e694991051ecd32ac96c) Importer(815301076,1909f56bfc062723c751e8b465ee728b)  -> (artifact id: '7a60d489d61229ab8cc483998c1516e6') in 0.030095 seconds 
========================================================================
Received Import Request.
  Time since last request: 0.000022 seconds.
  path: Assets/Prefabs/Modular Industrial Set/Textrures/MIS_Fences_00/MIS_Fences_00_Normal.png
  artifactKey: Guid(f1c82fe916057474599d8b6cf1f21798) Importer(815301076,1909f56bfc062723c751e8b465ee728b)
Start importing Assets/Prefabs/Modular Industrial Set/Textrures/MIS_Fences_00/MIS_Fences_00_Normal.png using Guid(f1c82fe916057474599d8b6cf1f21798) Importer(815301076,1909f56bfc062723c751e8b465ee728b)  -> (artifact id: '9f33a00bd8cf9da212203658c67a31cf') in 0.056302 seconds 
========================================================================
Received Import Request.
  Time since last request: 4.629436 seconds.
  path: Assets/Prefabs/Modular Industrial Set/Textrures/MIS_Fences_00/MIS_Fences_00_Height.png
  artifactKey: Guid(51ce3c85fcf1e694991051ecd32ac96c) Importer(815301076,1909f56bfc062723c751e8b465ee728b)
Start importing Assets/Prefabs/Modular Industrial Set/Textrures/MIS_Fences_00/MIS_Fences_00_Height.png using Guid(51ce3c85fcf1e694991051ecd32ac96c) Importer(815301076,1909f56bfc062723c751e8b465ee728b)  -> (artifact id: 'eb8e8cde056f026bc09c7dd7bfe8b924') in 0.018624 seconds 
========================================================================
Received Import Request.
  Time since last request: 0.000031 seconds.
  path: Assets/Prefabs/Modular Industrial Set/Textrures/MIS_Fences_00/MIS_Fences_00_Smoothness.png
  artifactKey: Guid(8579dae0accd7ff4bacbce50585f7643) Importer(815301076,1909f56bfc062723c751e8b465ee728b)
Start importing Assets/Prefabs/Modular Industrial Set/Textrures/MIS_Fences_00/MIS_Fences_00_Smoothness.png using Guid(8579dae0accd7ff4bacbce50585f7643) Importer(815301076,1909f56bfc062723c751e8b465ee728b)  -> (artifact id: 'ca9fc32005785f110b7b82ddf3e83e50') in 0.018329 seconds 
========================================================================
Received Prepare
Refreshing native plugins compatible for Editor in 7.67 ms, found 3 plugins.
Preloading 0 native plugins for Editor in 0.00 ms.
Unloading 43 Unused Serialized files (Serialized files now loaded: 0)
Unloading 43 unused Assets / (2.1 MB). Loaded Objects now: 6732.
Memory consumption went from 126.5 MB to 124.4 MB.
Total: 6.997200 ms (FindLiveObjects: 0.762700 ms CreateObjectMapping: 0.739900 ms MarkObjects: 4.745600 ms  DeleteObjects: 0.748000 ms)

AssetImportParameters requested are different than current active one (requested -> active):
  custom:video-decoder-ogg-theora: a1e56fd34408186e4bbccfd4996cb3dc -> 
  custom:container-muxer-webm: aa71ff27fc2769a1b78a27578f13a17b -> 
  custom:container-demuxer-webm: 4f35f7cbe854078d1ac9338744f61a02 -> 
  custom:video-encoder-webm-vp8: eb34c28f22e8b96e1ab97ce403110664 -> 
  custom:audio-encoder-webm-vorbis: bf7c407c2cedff20999df2af8eb42d56 -> 
  custom:framework-win-MediaFoundation: 216162199b28c13a410421893ffa2e32 -> 
  custom:container-demuxer-ogg: 62fdf1f143b41e24485cea50d1cbac27 -> 
  custom:video-decoder-webm-vp8: 9c59270c3fd7afecdb556c50c9e8de78 -> 
  custom:audio-decoder-ogg-vorbis: bf7c407c2cedff20999df2af8eb42d56 -> 
========================================================================
Received Prepare
Refreshing native plugins compatible for Editor in 7.61 ms, found 3 plugins.
Preloading 0 native plugins for Editor in 0.00 ms.
Unloading 43 Unused Serialized files (Serialized files now loaded: 0)
Unloading 43 unused Assets / (2.1 MB). Loaded Objects now: 6732.
Memory consumption went from 126.5 MB to 124.4 MB.
Total: 5.808900 ms (FindLiveObjects: 0.558500 ms CreateObjectMapping: 0.483100 ms MarkObjects: 4.076400 ms  DeleteObjects: 0.689900 ms)

AssetImportParameters requested are different than current active one (requested -> active):
  custom:video-decoder-ogg-theora: a1e56fd34408186e4bbccfd4996cb3dc -> 
  custom:container-muxer-webm: aa71ff27fc2769a1b78a27578f13a17b -> 
  custom:container-demuxer-webm: 4f35f7cbe854078d1ac9338744f61a02 -> 
  custom:video-encoder-webm-vp8: eb34c28f22e8b96e1ab97ce403110664 -> 
  custom:audio-encoder-webm-vorbis: bf7c407c2cedff20999df2af8eb42d56 -> 
  custom:framework-win-MediaFoundation: 216162199b28c13a410421893ffa2e32 -> 
  custom:container-demuxer-ogg: 62fdf1f143b41e24485cea50d1cbac27 -> 
  custom:video-decoder-webm-vp8: 9c59270c3fd7afecdb556c50c9e8de78 -> 
  custom:audio-decoder-ogg-vorbis: bf7c407c2cedff20999df2af8eb42d56 -> 
========================================================================
Received Import Request.
  Time since last request: 370.595821 seconds.
  path: Assets/Prefabs/Modular Industrial Set/Textrures/MIS_Props_00/MIS_Props_00_Height.png
  artifactKey: Guid(972bc9c8cabb7ed45b1fb4e2f3c918d1) Importer(815301076,1909f56bfc062723c751e8b465ee728b)
Start importing Assets/Prefabs/Modular Industrial Set/Textrures/MIS_Props_00/MIS_Props_00_Height.png using Guid(972bc9c8cabb7ed45b1fb4e2f3c918d1) Importer(815301076,1909f56bfc062723c751e8b465ee728b)  -> (artifact id: '25140770d950375048b6cb01eb62d667') in 0.045992 seconds 
========================================================================
Received Import Request.
  Time since last request: 0.000032 seconds.
  path: Assets/Prefabs/Modular Industrial Set/Textrures/MIS_Props_00/MIS_Props_00_Smoothness.png
  artifactKey: Guid(f675826a8c19ece42a41545edcb5cd37) Importer(815301076,1909f56bfc062723c751e8b465ee728b)
Start importing Assets/Prefabs/Modular Industrial Set/Textrures/MIS_Props_00/MIS_Props_00_Smoothness.png using Guid(f675826a8c19ece42a41545edcb5cd37) Importer(815301076,1909f56bfc062723c751e8b465ee728b)  -> (artifact id: '71c0770739b71ec93bf359779256c59d') in 0.028095 seconds 
========================================================================
Received Import Request.
  Time since last request: 10.504817 seconds.
  path: Assets/Prefabs/Modular Industrial Set/Textrures/MIS_Props_00/MIS_Props_00_Height.png
  artifactKey: Guid(972bc9c8cabb7ed45b1fb4e2f3c918d1) Importer(815301076,1909f56bfc062723c751e8b465ee728b)
Start importing Assets/Prefabs/Modular Industrial Set/Textrures/MIS_Props_00/MIS_Props_00_Height.png using Guid(972bc9c8cabb7ed45b1fb4e2f3c918d1) Importer(815301076,1909f56bfc062723c751e8b465ee728b)  -> (artifact id: 'c394d7e456bf45d2407d4a3019a914d3') in 0.019696 seconds 
========================================================================
Received Import Request.
  Time since last request: 0.000024 seconds.
  path: Assets/Prefabs/Modular Industrial Set/Textrures/MIS_Props_00/MIS_Props_00_Metallic.png
  artifactKey: Guid(4c0bb633b8caca34da5866f787555b84) Importer(815301076,1909f56bfc062723c751e8b465ee728b)
Start importing Assets/Prefabs/Modular Industrial Set/Textrures/MIS_Props_00/MIS_Props_00_Metallic.png using Guid(4c0bb633b8caca34da5866f787555b84) Importer(815301076,1909f56bfc062723c751e8b465ee728b)  -> (artifact id: '76bb8a4ae6f060bf8cdca7b09ff616b6') in 0.018448 seconds 
========================================================================
Received Import Request.
  Time since last request: 4.114492 seconds.
  path: Assets/Prefabs/Modular Industrial Set/Textrures/MIS_Props_01/MIS_Props_01_Metallic.png
  artifactKey: Guid(2c2671be0c5671247996ea6cf7ccd1cc) Importer(815301076,1909f56bfc062723c751e8b465ee728b)
Start importing Assets/Prefabs/Modular Industrial Set/Textrures/MIS_Props_01/MIS_Props_01_Metallic.png using Guid(2c2671be0c5671247996ea6cf7ccd1cc) Importer(815301076,1909f56bfc062723c751e8b465ee728b)  -> (artifact id: '0923f78f893f6d5e5ca5db26ec0e911e') in 0.028662 seconds 
========================================================================
Received Import Request.
  Time since last request: 0.000021 seconds.
  path: Assets/Prefabs/Modular Industrial Set/Textrures/MIS_Props_01/MIS_Props_01_Smoothness.png
  artifactKey: Guid(dead64e716c158e43aca225b1e453fa1) Importer(815301076,1909f56bfc062723c751e8b465ee728b)
Start importing Assets/Prefabs/Modular Industrial Set/Textrures/MIS_Props_01/MIS_Props_01_Smoothness.png using Guid(dead64e716c158e43aca225b1e453fa1) Importer(815301076,1909f56bfc062723c751e8b465ee728b)  -> (artifact id: 'a8d4bb743bcaa78267490c8778918f97') in 0.018383 seconds 
========================================================================
Received Import Request.
  Time since last request: 7.539080 seconds.
  path: Assets/Prefabs/Modular Industrial Set/Textrures/MIS_Props_01/MIS_Props_01_Height.png
  artifactKey: Guid(39f902d98f062274ebc8ac699029329f) Importer(815301076,1909f56bfc062723c751e8b465ee728b)
Start importing Assets/Prefabs/Modular Industrial Set/Textrures/MIS_Props_01/MIS_Props_01_Height.png using Guid(39f902d98f062274ebc8ac699029329f) Importer(815301076,1909f56bfc062723c751e8b465ee728b)  -> (artifact id: 'bbdcc3828bc5f0ba0dafef7a77529c4b') in 0.017281 seconds 
========================================================================
Received Import Request.
  Time since last request: 6.060105 seconds.
  path: Assets/UnityTechnologies/EffectExamples/WaterEffects/Textures/CloudsParticleSheet.tif
  artifactKey: Guid(f0f137a9e20dd82448c39df561615d24) Importer(815301076,1909f56bfc062723c751e8b465ee728b)
Start importing Assets/UnityTechnologies/EffectExamples/WaterEffects/Textures/CloudsParticleSheet.tif using Guid(f0f137a9e20dd82448c39df561615d24) Importer(815301076,1909f56bfc062723c751e8b465ee728b)  -> (artifact id: '3ff95706f77a66eb76e59e0aeb55f223') in 0.025510 seconds 
========================================================================
Received Import Request.
  Time since last request: 0.000021 seconds.
  path: Assets/UnityTechnologies/EffectExamples/WaterEffects/Textures/WaterMistParticle.tif
  artifactKey: Guid(9d5aa5ea4e0631a4bb7518c3cb434858) Importer(815301076,1909f56bfc062723c751e8b465ee728b)
Start importing Assets/UnityTechnologies/EffectExamples/WaterEffects/Textures/WaterMistParticle.tif using Guid(9d5aa5ea4e0631a4bb7518c3cb434858) Importer(815301076,1909f56bfc062723c751e8b465ee728b)  -> (artifact id: '6758d355e64e62d42847ba6e3baf8aa1') in 0.018257 seconds 
========================================================================
Received Import Request.
  Time since last request: 0.000025 seconds.
  path: Assets/UnityTechnologies/EffectExamples/WaterEffects/Textures/WaterTrailParticle.tif
  artifactKey: Guid(1aa700dc6241ca84aa513fc5573761db) Importer(815301076,1909f56bfc062723c751e8b465ee728b)
Start importing Assets/UnityTechnologies/EffectExamples/WaterEffects/Textures/WaterTrailParticle.tif using Guid(1aa700dc6241ca84aa513fc5573761db) Importer(815301076,1909f56bfc062723c751e8b465ee728b)  -> (artifact id: '7c4ff83738d03599ab9075a88c06dd9a') in 0.027224 seconds 
========================================================================
Received Import Request.
  Time since last request: 0.000027 seconds.
  path: Assets/UnityTechnologies/EffectExamples/WaterEffects/Textures/WaterRipplesParticle.tif
  artifactKey: Guid(8b12f103a80e77a4286dc286688b0228) Importer(815301076,1909f56bfc062723c751e8b465ee728b)
Start importing Assets/UnityTechnologies/EffectExamples/WaterEffects/Textures/WaterRipplesParticle.tif using Guid(8b12f103a80e77a4286dc286688b0228) Importer(815301076,1909f56bfc062723c751e8b465ee728b)  -> (artifact id: '7103a0a57e86b521c2c6790659681a55') in 0.020589 seconds 
========================================================================
Received Import Request.
  Time since last request: 16.190720 seconds.
  path: Assets/Prefabs/Modular Industrial Set/Textrures/MIS_Scaffolding_00/MIS_Scaffolding_00_Metallic.png
  artifactKey: Guid(c09d4de4a72829342af56d350343da0e) Importer(815301076,1909f56bfc062723c751e8b465ee728b)
Start importing Assets/Prefabs/Modular Industrial Set/Textrures/MIS_Scaffolding_00/MIS_Scaffolding_00_Metallic.png using Guid(c09d4de4a72829342af56d350343da0e) Importer(815301076,1909f56bfc062723c751e8b465ee728b)  -> (artifact id: '31a28bc194aee81b89df7db840015634') in 0.031190 seconds 
========================================================================
Received Import Request.
  Time since last request: 6.643245 seconds.
  path: Assets/Prefabs/Modular Industrial Set/Textrures/MIS_Scaffolding_00/MIS_Scaffolding_00_Height.png
  artifactKey: Guid(77a2d467965054c4394d842f1baf60b0) Importer(815301076,1909f56bfc062723c751e8b465ee728b)
Start importing Assets/Prefabs/Modular Industrial Set/Textrures/MIS_Scaffolding_00/MIS_Scaffolding_00_Height.png using Guid(77a2d467965054c4394d842f1baf60b0) Importer(815301076,1909f56bfc062723c751e8b465ee728b)  -> (artifact id: '6b8173b2fd560d2c040601b9909267e9') in 0.021107 seconds 
========================================================================
Received Import Request.
  Time since last request: 4.040630 seconds.
  path: Packages/com.unity.render-pipelines.universal/Textures/FilmGrain/Medium02.png
  artifactKey: Guid(f0b67500f7fad3b4c9f2b13e8f41ba6e) Importer(815301076,1909f56bfc062723c751e8b465ee728b)
Start importing Packages/com.unity.render-pipelines.universal/Textures/FilmGrain/Medium02.png using Guid(f0b67500f7fad3b4c9f2b13e8f41ba6e) Importer(815301076,1909f56bfc062723c751e8b465ee728b)  -> (artifact id: '945f5b8844241701d8eb9645f71f48d9') in 0.024196 seconds 
========================================================================
Received Import Request.
  Time since last request: 0.000019 seconds.
  path: Packages/com.unity.render-pipelines.universal/Textures/FilmGrain/Medium06.png
  artifactKey: Guid(b4db8180660810945bf8d55ab44352ad) Importer(815301076,1909f56bfc062723c751e8b465ee728b)
Start importing Packages/com.unity.render-pipelines.universal/Textures/FilmGrain/Medium06.png using Guid(b4db8180660810945bf8d55ab44352ad) Importer(815301076,1909f56bfc062723c751e8b465ee728b)  -> (artifact id: 'd694320ca5c42b99b89b26a53f704d6f') in 0.020667 seconds 
========================================================================
Received Import Request.
  Time since last request: 0.000019 seconds.
  path: Packages/com.unity.render-pipelines.universal/Textures/FilmGrain/Medium05.png
  artifactKey: Guid(510a2f57334933e4a8dbabe4c30204e4) Importer(815301076,1909f56bfc062723c751e8b465ee728b)
Start importing Packages/com.unity.render-pipelines.universal/Textures/FilmGrain/Medium05.png using Guid(510a2f57334933e4a8dbabe4c30204e4) Importer(815301076,1909f56bfc062723c751e8b465ee728b)  -> (artifact id: 'eef597545e6383057b1bc04a4a4da033') in 0.018644 seconds 
========================================================================
Received Import Request.
  Time since last request: 100.724490 seconds.
  path: Assets/Materials/skybox/realistic_sky_blue_without_ground.mat
  artifactKey: Guid(541f3e2b775c9e54b944b4b8143d8089) Importer(815301076,1909f56bfc062723c751e8b465ee728b)
Start importing Assets/Materials/skybox/realistic_sky_blue_without_ground.mat using Guid(541f3e2b775c9e54b944b4b8143d8089) Importer(815301076,1909f56bfc062723c751e8b465ee728b)  -> (artifact id: '9dbd96814a4bb60c7935da4f499b0228') in 0.363562 seconds 
========================================================================
Received Prepare
Refreshing native plugins compatible for Editor in 7.11 ms, found 3 plugins.
Preloading 0 native plugins for Editor in 0.00 ms.
Unloading 42 Unused Serialized files (Serialized files now loaded: 0)
Unloading 43 unused Assets / (2.1 MB). Loaded Objects now: 6853.
Memory consumption went from 129.2 MB to 127.1 MB.
Total: 6.602600 ms (FindLiveObjects: 0.697200 ms CreateObjectMapping: 0.649300 ms MarkObjects: 4.546800 ms  DeleteObjects: 0.708200 ms)

AssetImportParameters requested are different than current active one (requested -> active):
  custom:video-decoder-ogg-theora: a1e56fd34408186e4bbccfd4996cb3dc -> 
  custom:container-muxer-webm: aa71ff27fc2769a1b78a27578f13a17b -> 
  custom:container-demuxer-webm: 4f35f7cbe854078d1ac9338744f61a02 -> 
  custom:video-encoder-webm-vp8: eb34c28f22e8b96e1ab97ce403110664 -> 
  custom:audio-encoder-webm-vorbis: bf7c407c2cedff20999df2af8eb42d56 -> 
  custom:framework-win-MediaFoundation: 216162199b28c13a410421893ffa2e32 -> 
  custom:container-demuxer-ogg: 62fdf1f143b41e24485cea50d1cbac27 -> 
  custom:video-decoder-webm-vp8: 9c59270c3fd7afecdb556c50c9e8de78 -> 
  custom:audio-decoder-ogg-vorbis: bf7c407c2cedff20999df2af8eb42d56 -> 
Editor requested this worker to shutdown with reason: Scaling down because of idle timeout
AssetImportWorker is now disconnected from the server
Process exiting
Exiting without the bug reporter. Application will terminate with return code 0