Using pre-set license
Built from '2021.3/release' branch; Version is '2021.3.17f1 (3e8111cac19d) revision 4096273'; Using compiler version '192829333'; Build Type 'Release'
OS: 'Windows 10  (10.0.19045) 64bit Professional' Language: 'ru' Physical Memory: 16322 MB
BatchMode: 1, IsHumanControllingUs: 0, StartBugReporterOnCrash: 0, Is64bit: 1, IsPro: 1

COMMAND LINE ARGUMENTS:
C:\Program Files\Unity\Hub\Editor\2021.3.17f1\Editor\Unity.exe
-adb2
-batchMode
-noUpm
-name
AssetImportWorker5
-projectPath
C:/Projects/BallParkour/BallParkour
-logFile
Logs/AssetImportWorker5.log
-srvPort
52725
Successfully changed project path to: C:/Projects/BallParkour/BallParkour
C:/Projects/BallParkour/BallParkour
[UnityMemory] Configuration Parameters - Can be set up in boot.config
    "memorysetup-bucket-allocator-granularity=16"
    "memorysetup-bucket-allocator-bucket-count=8"
    "memorysetup-bucket-allocator-block-size=33554432"
    "memorysetup-bucket-allocator-block-count=8"
    "memorysetup-main-allocator-block-size=16777216"
    "memorysetup-thread-allocator-block-size=16777216"
    "memorysetup-gfx-main-allocator-block-size=16777216"
    "memorysetup-gfx-thread-allocator-block-size=16777216"
    "memorysetup-cache-allocator-block-size=4194304"
    "memorysetup-typetree-allocator-block-size=2097152"
    "memorysetup-profiler-bucket-allocator-granularity=16"
    "memorysetup-profiler-bucket-allocator-bucket-count=8"
    "memorysetup-profiler-bucket-allocator-block-size=33554432"
    "memorysetup-profiler-bucket-allocator-block-count=8"
    "memorysetup-profiler-allocator-block-size=16777216"
    "memorysetup-profiler-editor-allocator-block-size=1048576"
    "memorysetup-temp-allocator-size-main=16777216"
    "memorysetup-job-temp-allocator-block-size=2097152"
    "memorysetup-job-temp-allocator-block-size-background=1048576"
    "memorysetup-job-temp-allocator-reduction-small-platforms=262144"
    "memorysetup-temp-allocator-size-background-worker=32768"
    "memorysetup-temp-allocator-size-job-worker=262144"
    "memorysetup-temp-allocator-size-preload-manager=33554432"
    "memorysetup-temp-allocator-size-nav-mesh-worker=65536"
    "memorysetup-temp-allocator-size-audio-worker=65536"
    "memorysetup-temp-allocator-size-cloud-worker=32768"
    "memorysetup-temp-allocator-size-gi-baking-worker=262144"
    "memorysetup-temp-allocator-size-gfx=262144"
Player connection [3564] Host "[IP] 192.168.0.105 [Port] 0 [Flags] 2 [Guid] 2986847159 [EditorId] 2986847159 [Version] 1048832 [Id] WindowsEditor(7,DESKTOP-IARGS9U) [Debug] 1 [PackageName] WindowsEditor [ProjectName] Editor" joined multi-casting on [225.0.0.222:54997]...

Player connection [3564] Host "[IP] 192.168.0.105 [Port] 0 [Flags] 2 [Guid] 2986847159 [EditorId] 2986847159 [Version] 1048832 [Id] WindowsEditor(7,DESKTOP-IARGS9U) [Debug] 1 [PackageName] WindowsEditor [ProjectName] Editor" joined alternative multi-casting on [225.0.0.222:34997]...

Refreshing native plugins compatible for Editor in 130.14 ms, found 3 plugins.
Preloading 0 native plugins for Editor in 0.00 ms.
Initialize engine version: 2021.3.17f1 (3e8111cac19d)
[Subsystems] Discovering subsystems at path C:/Program Files/Unity/Hub/Editor/2021.3.17f1/Editor/Data/Resources/UnitySubsystems
[Subsystems] Discovering subsystems at path C:/Projects/BallParkour/BallParkour/Assets
GfxDevice: creating device client; threaded=0; jobified=0
Direct3D:
    Version:  Direct3D 11.0 [level 11.1]
    Renderer: NVIDIA GeForce GTX 1070 (ID=0x1b81)
    Vendor:   NVIDIA
    VRAM:     8081 MB
    Driver:   31.0.15.3640
Initialize mono
Mono path[0] = 'C:/Program Files/Unity/Hub/Editor/2021.3.17f1/Editor/Data/Managed'
Mono path[1] = 'C:/Program Files/Unity/Hub/Editor/2021.3.17f1/Editor/Data/MonoBleedingEdge/lib/mono/unityjit-win32'
Mono config path = 'C:/Program Files/Unity/Hub/Editor/2021.3.17f1/Editor/Data/MonoBleedingEdge/etc'
Using monoOptions --debugger-agent=transport=dt_socket,embedding=1,server=y,suspend=n,address=127.0.0.1:56892
Begin MonoManager ReloadAssembly
Registering precompiled unity dll's ...
Register platform support module: C:/Program Files/Unity/Hub/Editor/2021.3.17f1/Editor/Data/PlaybackEngines/AndroidPlayer/UnityEditor.Android.Extensions.dll
Register platform support module: C:/Program Files/Unity/Hub/Editor/2021.3.17f1/Editor/Data/PlaybackEngines/WindowsStandaloneSupport/UnityEditor.WindowsStandalone.Extensions.dll
Registered in 0.007222 seconds.
Native extension for WindowsStandalone target not found
Native extension for Android target not found
Android Extension - Scanning For ADB Devices 261 ms
Refreshing native plugins compatible for Editor in 124.11 ms, found 3 plugins.
Preloading 0 native plugins for Editor in 0.00 ms.
Mono: successfully reloaded assembly
- Completed reload, in  0.906 seconds
Domain Reload Profiling:
	ReloadAssembly (906ms)
		BeginReloadAssembly (68ms)
			ExecutionOrderSort (0ms)
			DisableScriptedObjects (0ms)
			BackupInstance (0ms)
			ReleaseScriptingObjects (0ms)
			CreateAndSetChildDomain (1ms)
		EndReloadAssembly (737ms)
			LoadAssemblies (66ms)
			RebuildTransferFunctionScriptingTraits (0ms)
			SetupTypeCache (101ms)
			ReleaseScriptCaches (0ms)
			RebuildScriptCaches (26ms)
			SetupLoadedEditorAssemblies (564ms)
				LogAssemblyErrors (0ms)
				InitializePlatformSupportModulesInManaged (321ms)
				SetLoadedEditorAssemblies (0ms)
				RefreshPlugins (124ms)
				BeforeProcessingInitializeOnLoad (1ms)
				ProcessInitializeOnLoadAttributes (79ms)
				ProcessInitializeOnLoadMethodAttributes (38ms)
				AfterProcessingInitializeOnLoad (0ms)
				EditorAssembliesLoaded (0ms)
			ExecutionOrderSort2 (0ms)
			AwakeInstancesAfterBackupRestoration (0ms)
Platform modules already initialized, skipping
Registering precompiled user dll's ...
Registered in 0.007967 seconds.
Begin MonoManager ReloadAssembly
Symbol file LoadedFromMemory doesn't match image C:\Projects\BallParkour\BallParkour\Library\PackageCache\com.unity.visualscripting@1.8.0\Editor\VisualScripting.Core\Dependencies\YamlDotNet\Unity.VisualScripting.YamlDotNet.dll
Symbol file LoadedFromMemory doesn't match image C:\Projects\BallParkour\BallParkour\Library\PackageCache\com.unity.visualscripting@1.8.0\Editor\VisualScripting.Core\Dependencies\DotNetZip\Unity.VisualScripting.IonicZip.dll
Native extension for WindowsStandalone target not found
Native extension for Android target not found
Refreshing native plugins compatible for Editor in 128.94 ms, found 3 plugins.
Preloading 0 native plugins for Editor in 0.00 ms.
Mono: successfully reloaded assembly
- Completed reload, in  6.131 seconds
Domain Reload Profiling:
	ReloadAssembly (6132ms)
		BeginReloadAssembly (101ms)
			ExecutionOrderSort (0ms)
			DisableScriptedObjects (5ms)
			BackupInstance (0ms)
			ReleaseScriptingObjects (0ms)
			CreateAndSetChildDomain (18ms)
		EndReloadAssembly (5920ms)
			LoadAssemblies (3953ms)
			RebuildTransferFunctionScriptingTraits (0ms)
			SetupTypeCache (326ms)
			ReleaseScriptCaches (1ms)
			RebuildScriptCaches (65ms)
			SetupLoadedEditorAssemblies (1535ms)
				LogAssemblyErrors (0ms)
				InitializePlatformSupportModulesInManaged (15ms)
				SetLoadedEditorAssemblies (0ms)
				RefreshPlugins (129ms)
				BeforeProcessingInitializeOnLoad (133ms)
				ProcessInitializeOnLoadAttributes (337ms)
				ProcessInitializeOnLoadMethodAttributes (914ms)
				AfterProcessingInitializeOnLoad (7ms)
				EditorAssembliesLoaded (0ms)
			ExecutionOrderSort2 (0ms)
			AwakeInstancesAfterBackupRestoration (5ms)
Platform modules already initialized, skipping
========================================================================
Worker process is ready to serve import requests
Launched and connected shader compiler UnityShaderCompiler.exe after 0.04 seconds
Refreshing native plugins compatible for Editor in 1.00 ms, found 3 plugins.
Preloading 0 native plugins for Editor in 0.00 ms.
Unloading 6280 Unused Serialized files (Serialized files now loaded: 0)
Unloading 64 unused Assets / (2.1 MB). Loaded Objects now: 6726.
Memory consumption went from 260.6 MB to 258.5 MB.
Total: 3.991200 ms (FindLiveObjects: 0.456100 ms CreateObjectMapping: 0.399100 ms MarkObjects: 2.633700 ms  DeleteObjects: 0.501800 ms)

AssetImportParameters requested are different than current active one (requested -> active):
  custom:video-decoder-ogg-theora: a1e56fd34408186e4bbccfd4996cb3dc -> 
  custom:container-muxer-webm: aa71ff27fc2769a1b78a27578f13a17b -> 
  custom:container-demuxer-webm: 4f35f7cbe854078d1ac9338744f61a02 -> 
  custom:video-encoder-webm-vp8: eb34c28f22e8b96e1ab97ce403110664 -> 
  custom:audio-encoder-webm-vorbis: bf7c407c2cedff20999df2af8eb42d56 -> 
  custom:framework-win-MediaFoundation: 216162199b28c13a410421893ffa2e32 -> 
  custom:container-demuxer-ogg: 62fdf1f143b41e24485cea50d1cbac27 -> 
  custom:video-decoder-webm-vp8: 9c59270c3fd7afecdb556c50c9e8de78 -> 
  custom:audio-decoder-ogg-vorbis: bf7c407c2cedff20999df2af8eb42d56 -> 
========================================================================
Received Prepare
Refreshing native plugins compatible for Editor in 6.84 ms, found 3 plugins.
Preloading 0 native plugins for Editor in 0.00 ms.
Unloading 43 Unused Serialized files (Serialized files now loaded: 0)
Unloading 43 unused Assets / (2.1 MB). Loaded Objects now: 6726.
Memory consumption went from 123.5 MB to 121.4 MB.
Total: 4.082700 ms (FindLiveObjects: 0.470500 ms CreateObjectMapping: 0.447100 ms MarkObjects: 2.648300 ms  DeleteObjects: 0.515700 ms)

AssetImportParameters requested are different than current active one (requested -> active):
  custom:video-decoder-ogg-theora: a1e56fd34408186e4bbccfd4996cb3dc -> 
  custom:container-muxer-webm: aa71ff27fc2769a1b78a27578f13a17b -> 
  custom:container-demuxer-webm: 4f35f7cbe854078d1ac9338744f61a02 -> 
  custom:video-encoder-webm-vp8: eb34c28f22e8b96e1ab97ce403110664 -> 
  custom:audio-encoder-webm-vorbis: bf7c407c2cedff20999df2af8eb42d56 -> 
  custom:framework-win-MediaFoundation: 216162199b28c13a410421893ffa2e32 -> 
  custom:container-demuxer-ogg: 62fdf1f143b41e24485cea50d1cbac27 -> 
  custom:video-decoder-webm-vp8: 9c59270c3fd7afecdb556c50c9e8de78 -> 
  custom:audio-decoder-ogg-vorbis: bf7c407c2cedff20999df2af8eb42d56 -> 
========================================================================
Received Import Request.
  Time since last request: 988680.269858 seconds.
  path: Assets/TextMesh Pro/Resources/Fonts & Materials/LiberationSans SDF - Fallback.asset
  artifactKey: Guid(2e498d1c8094910479dc3e1b768306a4) Importer(815301076,1909f56bfc062723c751e8b465ee728b)
Start importing Assets/TextMesh Pro/Resources/Fonts & Materials/LiberationSans SDF - Fallback.asset using Guid(2e498d1c8094910479dc3e1b768306a4) Importer(815301076,1909f56bfc062723c751e8b465ee728b)  -> (artifact id: '85a1eb68a85c31913a002d634b029db8') in 0.348891 seconds 
========================================================================
Received Import Request.
  Time since last request: 44.004348 seconds.
  path: Assets/TextMesh Pro/Resources/Fonts & Materials/LiberationSans SDF - Outline.mat
  artifactKey: Guid(79459efec17a4d00a321bdcc27bbc385) Importer(815301076,1909f56bfc062723c751e8b465ee728b)
Start importing Assets/TextMesh Pro/Resources/Fonts & Materials/LiberationSans SDF - Outline.mat using Guid(79459efec17a4d00a321bdcc27bbc385) Importer(815301076,1909f56bfc062723c751e8b465ee728b)  -> (artifact id: 'ccb53d16389051c082f5d27afdde2cb6') in 0.021547 seconds 
========================================================================
Received Import Request.
  Time since last request: 23.547375 seconds.
  path: Assets/Materials/Ground/Ground.mat
  artifactKey: Guid(ef2aedff36bfbff4ebaf050b426a5f4f) Importer(815301076,1909f56bfc062723c751e8b465ee728b)
Start importing Assets/Materials/Ground/Ground.mat using Guid(ef2aedff36bfbff4ebaf050b426a5f4f) Importer(815301076,1909f56bfc062723c751e8b465ee728b)  -> (artifact id: '438f006dc23ea79ea542ea892262fbed') in 0.776348 seconds 
========================================================================
Received Import Request.
  Time since last request: 22.416097 seconds.
  path: Assets/Prefabs/Modular Industrial Set/Textrures/MIS_Bricks_00/MIS_Bricks_00_Metallic.png
  artifactKey: Guid(8cada8b6a0f04c64f9d4c26f38c893d3) Importer(815301076,1909f56bfc062723c751e8b465ee728b)
Start importing Assets/Prefabs/Modular Industrial Set/Textrures/MIS_Bricks_00/MIS_Bricks_00_Metallic.png using Guid(8cada8b6a0f04c64f9d4c26f38c893d3) Importer(815301076,1909f56bfc062723c751e8b465ee728b)  -> (artifact id: '3ef157f4ce805f2d6d479e1e430538bc') in 0.043632 seconds 
========================================================================
Received Import Request.
  Time since last request: 0.000023 seconds.
  path: Assets/Prefabs/Modular Industrial Set/Textrures/MIS_Bricks_00/MIS_Bricks_00_Normal.png
  artifactKey: Guid(6d531e3ae319c32408271401e68f9b99) Importer(815301076,1909f56bfc062723c751e8b465ee728b)
Start importing Assets/Prefabs/Modular Industrial Set/Textrures/MIS_Bricks_00/MIS_Bricks_00_Normal.png using Guid(6d531e3ae319c32408271401e68f9b99) Importer(815301076,1909f56bfc062723c751e8b465ee728b)  -> (artifact id: '975fcf4fcffae3811dcd51e01b72b9c9') in 0.026339 seconds 
========================================================================
Received Import Request.
  Time since last request: 8.706408 seconds.
  path: Assets/Prefabs/Modular Industrial Set/Textrures/MIS_Bricks_00/MIS_Bricks_00_Height.png
  artifactKey: Guid(b51c6e3bf8c97a24fa2a91211f140c10) Importer(815301076,1909f56bfc062723c751e8b465ee728b)
Start importing Assets/Prefabs/Modular Industrial Set/Textrures/MIS_Bricks_00/MIS_Bricks_00_Height.png using Guid(b51c6e3bf8c97a24fa2a91211f140c10) Importer(815301076,1909f56bfc062723c751e8b465ee728b)  -> (artifact id: 'a0f820ee9180c037d6f7c9ff357db02d') in 0.018631 seconds 
========================================================================
Received Import Request.
  Time since last request: 8.402769 seconds.
  path: Assets/Prefabs/Modular Industrial Set/Textrures/MIS_Bricks_01/MIS_Bricks_01_Height.png
  artifactKey: Guid(eae0614edb4df664d8d78257340dbbd1) Importer(815301076,1909f56bfc062723c751e8b465ee728b)
Start importing Assets/Prefabs/Modular Industrial Set/Textrures/MIS_Bricks_01/MIS_Bricks_01_Height.png using Guid(eae0614edb4df664d8d78257340dbbd1) Importer(815301076,1909f56bfc062723c751e8b465ee728b)  -> (artifact id: '2ef706b30fd87663ec6df9b03457ad84') in 0.027631 seconds 
========================================================================
Received Import Request.
  Time since last request: 0.000022 seconds.
  path: Assets/Prefabs/Modular Industrial Set/Textrures/MIS_Bricks_01/MIS_Bricks_01_Smoothness.png
  artifactKey: Guid(1d7e30846693ef049830cb366ba830ec) Importer(815301076,1909f56bfc062723c751e8b465ee728b)
Start importing Assets/Prefabs/Modular Industrial Set/Textrures/MIS_Bricks_01/MIS_Bricks_01_Smoothness.png using Guid(1d7e30846693ef049830cb366ba830ec) Importer(815301076,1909f56bfc062723c751e8b465ee728b)  -> (artifact id: '45e2dff56e0cb422e6ff26b4fa812db5') in 0.032558 seconds 
========================================================================
Received Import Request.
  Time since last request: 5.706714 seconds.
  path: Assets/Prefabs/Modular Industrial Set/Textrures/MIS_Bricks_01/MIS_Bricks_01_Height.png
  artifactKey: Guid(eae0614edb4df664d8d78257340dbbd1) Importer(815301076,1909f56bfc062723c751e8b465ee728b)
Start importing Assets/Prefabs/Modular Industrial Set/Textrures/MIS_Bricks_01/MIS_Bricks_01_Height.png using Guid(eae0614edb4df664d8d78257340dbbd1) Importer(815301076,1909f56bfc062723c751e8b465ee728b)  -> (artifact id: 'c6846e5ed3aadf3524398fb2c397e613') in 0.018528 seconds 
========================================================================
Received Import Request.
  Time since last request: 0.000021 seconds.
  path: Assets/Prefabs/Modular Industrial Set/Textrures/MIS_Bricks_01/MIS_Bricks_01_Metallic.png
  artifactKey: Guid(79778a2cf2a518141ab4bc4d3100ea30) Importer(815301076,1909f56bfc062723c751e8b465ee728b)
Start importing Assets/Prefabs/Modular Industrial Set/Textrures/MIS_Bricks_01/MIS_Bricks_01_Metallic.png using Guid(79778a2cf2a518141ab4bc4d3100ea30) Importer(815301076,1909f56bfc062723c751e8b465ee728b)  -> (artifact id: '2d12393d47766be859e36f6a31ee03ca') in 0.018625 seconds 
========================================================================
Received Import Request.
  Time since last request: 1.727345 seconds.
  path: Assets/Prefabs/Modular Industrial Set/Textrures/MIS_Concrete_00/MIS_Concrete_00_Height.png
  artifactKey: Guid(87e3d7dbb1e84cd4093ba5d1dd432f44) Importer(815301076,1909f56bfc062723c751e8b465ee728b)
Start importing Assets/Prefabs/Modular Industrial Set/Textrures/MIS_Concrete_00/MIS_Concrete_00_Height.png using Guid(87e3d7dbb1e84cd4093ba5d1dd432f44) Importer(815301076,1909f56bfc062723c751e8b465ee728b)  -> (artifact id: '0c2ec0ab98553be0fc6a2f256079353b') in 0.027140 seconds 
========================================================================
Received Import Request.
  Time since last request: 0.000023 seconds.
  path: Assets/Prefabs/Modular Industrial Set/Textrures/MIS_Concrete_00/MIS_Concrete_00_Smoothness.png
  artifactKey: Guid(5062cc3474b1baa42be0d1d1a112167e) Importer(815301076,1909f56bfc062723c751e8b465ee728b)
Start importing Assets/Prefabs/Modular Industrial Set/Textrures/MIS_Concrete_00/MIS_Concrete_00_Smoothness.png using Guid(5062cc3474b1baa42be0d1d1a112167e) Importer(815301076,1909f56bfc062723c751e8b465ee728b)  -> (artifact id: '93350525fb417650f9b0190f466f7977') in 0.032027 seconds 
========================================================================
Received Import Request.
  Time since last request: 6.639066 seconds.
  path: Assets/Prefabs/Modular Industrial Set/Textrures/MIS_Concrete_00/MIS_Concrete_00_Height.png
  artifactKey: Guid(87e3d7dbb1e84cd4093ba5d1dd432f44) Importer(815301076,1909f56bfc062723c751e8b465ee728b)
Start importing Assets/Prefabs/Modular Industrial Set/Textrures/MIS_Concrete_00/MIS_Concrete_00_Height.png using Guid(87e3d7dbb1e84cd4093ba5d1dd432f44) Importer(815301076,1909f56bfc062723c751e8b465ee728b)  -> (artifact id: 'a6350698bead9866406a380be6735ba4') in 0.017335 seconds 
========================================================================
Received Import Request.
  Time since last request: 0.000028 seconds.
  path: Assets/Prefabs/Modular Industrial Set/Textrures/MIS_Concrete_00/MIS_Concrete_00_Smoothness.png
  artifactKey: Guid(5062cc3474b1baa42be0d1d1a112167e) Importer(815301076,1909f56bfc062723c751e8b465ee728b)
Start importing Assets/Prefabs/Modular Industrial Set/Textrures/MIS_Concrete_00/MIS_Concrete_00_Smoothness.png using Guid(5062cc3474b1baa42be0d1d1a112167e) Importer(815301076,1909f56bfc062723c751e8b465ee728b)  -> (artifact id: '41d9990e22469a708444619b6321635c') in 0.022286 seconds 
========================================================================
Received Import Request.
  Time since last request: 61.172780 seconds.
  path: Assets/Prefabs/Modular Industrial Set/Textrures/MIS_Doors_00/MIS_Doors_00_Base_Color.png
  artifactKey: Guid(ba5e7bc95735d3f459988e96b4c9ea19) Importer(815301076,1909f56bfc062723c751e8b465ee728b)
Start importing Assets/Prefabs/Modular Industrial Set/Textrures/MIS_Doors_00/MIS_Doors_00_Base_Color.png using Guid(ba5e7bc95735d3f459988e96b4c9ea19) Importer(815301076,1909f56bfc062723c751e8b465ee728b)  -> (artifact id: 'c57ffb2d1dea3e8c4718222588b3133e') in 0.036718 seconds 
========================================================================
Received Import Request.
  Time since last request: 0.000027 seconds.
  path: Assets/Prefabs/Modular Industrial Set/Textrures/MIS_Doors_00/MIS_Doors_00_Smoothness.png
  artifactKey: Guid(a08b3da6e6d1d8443a9e86d7aaaa4f04) Importer(815301076,1909f56bfc062723c751e8b465ee728b)
Start importing Assets/Prefabs/Modular Industrial Set/Textrures/MIS_Doors_00/MIS_Doors_00_Smoothness.png using Guid(a08b3da6e6d1d8443a9e86d7aaaa4f04) Importer(815301076,1909f56bfc062723c751e8b465ee728b)  -> (artifact id: '2cfc0c3e9af73ea4376afe52d6c4dcfd') in 0.025484 seconds 
========================================================================
Received Import Request.
  Time since last request: 0.000019 seconds.
  path: Assets/Prefabs/Modular Industrial Set/Textrures/MIS_Doors_00/MIS_Doors_00_Height.png
  artifactKey: Guid(bb94fdd1e758e2e4fb16df586f99b6eb) Importer(815301076,1909f56bfc062723c751e8b465ee728b)
Start importing Assets/Prefabs/Modular Industrial Set/Textrures/MIS_Doors_00/MIS_Doors_00_Height.png using Guid(bb94fdd1e758e2e4fb16df586f99b6eb) Importer(815301076,1909f56bfc062723c751e8b465ee728b)  -> (artifact id: '5a62ff0d4e82bd50e570502dd12c308e') in 0.030592 seconds 
========================================================================
Received Import Request.
  Time since last request: 5.850966 seconds.
  path: Assets/Prefabs/Modular Industrial Set/Textrures/MIS_Doors_00/MIS_Doors_00_Base_Color.png
  artifactKey: Guid(ba5e7bc95735d3f459988e96b4c9ea19) Importer(815301076,1909f56bfc062723c751e8b465ee728b)
Start importing Assets/Prefabs/Modular Industrial Set/Textrures/MIS_Doors_00/MIS_Doors_00_Base_Color.png using Guid(ba5e7bc95735d3f459988e96b4c9ea19) Importer(815301076,1909f56bfc062723c751e8b465ee728b)  -> (artifact id: 'ccbab288ff1e7c20c459a882e88ed91c') in 0.016740 seconds 
========================================================================
Received Import Request.
  Time since last request: 0.000023 seconds.
  path: Assets/Prefabs/Modular Industrial Set/Textrures/MIS_Doors_00/MIS_Doors_00_Smoothness.png
  artifactKey: Guid(a08b3da6e6d1d8443a9e86d7aaaa4f04) Importer(815301076,1909f56bfc062723c751e8b465ee728b)
Start importing Assets/Prefabs/Modular Industrial Set/Textrures/MIS_Doors_00/MIS_Doors_00_Smoothness.png using Guid(a08b3da6e6d1d8443a9e86d7aaaa4f04) Importer(815301076,1909f56bfc062723c751e8b465ee728b)  -> (artifact id: '6456d7c6dc4ea55d6a369e27209eebde') in 0.019479 seconds 
========================================================================
Received Import Request.
  Time since last request: 2.635365 seconds.
  path: Assets/Prefabs/Modular Industrial Set/Textrures/MIS_Fences_00/MIS_Fences_00_Base_Color.png
  artifactKey: Guid(764ff67ba00ee14438ba50fbbf04b542) Importer(815301076,1909f56bfc062723c751e8b465ee728b)
Start importing Assets/Prefabs/Modular Industrial Set/Textrures/MIS_Fences_00/MIS_Fences_00_Base_Color.png using Guid(764ff67ba00ee14438ba50fbbf04b542) Importer(815301076,1909f56bfc062723c751e8b465ee728b)  -> (artifact id: '31f42fb794fabdcd3b373190b794bd47') in 0.028311 seconds 
========================================================================
Received Import Request.
  Time since last request: 0.000019 seconds.
  path: Assets/Prefabs/Modular Industrial Set/Textrures/MIS_Fences_00/MIS_Fences_00_Metallic.png
  artifactKey: Guid(3a74f08116d23f84f884a820520898a1) Importer(815301076,1909f56bfc062723c751e8b465ee728b)
Start importing Assets/Prefabs/Modular Industrial Set/Textrures/MIS_Fences_00/MIS_Fences_00_Metallic.png using Guid(3a74f08116d23f84f884a820520898a1) Importer(815301076,1909f56bfc062723c751e8b465ee728b)  -> (artifact id: 'ed53ffa4172d73b2c92405800d449139') in 0.027842 seconds 
========================================================================
Received Import Request.
  Time since last request: 4.658964 seconds.
  path: Assets/Prefabs/Modular Industrial Set/Textrures/MIS_Fences_00/MIS_Fences_00_Base_Color.png
  artifactKey: Guid(764ff67ba00ee14438ba50fbbf04b542) Importer(815301076,1909f56bfc062723c751e8b465ee728b)
Start importing Assets/Prefabs/Modular Industrial Set/Textrures/MIS_Fences_00/MIS_Fences_00_Base_Color.png using Guid(764ff67ba00ee14438ba50fbbf04b542) Importer(815301076,1909f56bfc062723c751e8b465ee728b)  -> (artifact id: '5baeb81f8dd05eeee4cb300320fd0904') in 0.018926 seconds 
========================================================================
Received Prepare
Refreshing native plugins compatible for Editor in 6.71 ms, found 3 plugins.
Preloading 0 native plugins for Editor in 0.00 ms.
Unloading 42 Unused Serialized files (Serialized files now loaded: 0)
Unloading 43 unused Assets / (2.1 MB). Loaded Objects now: 6854.
Memory consumption went from 129.5 MB to 127.4 MB.
Total: 10.085900 ms (FindLiveObjects: 0.548300 ms CreateObjectMapping: 0.551900 ms MarkObjects: 8.197300 ms  DeleteObjects: 0.787100 ms)

AssetImportParameters requested are different than current active one (requested -> active):
  custom:video-decoder-ogg-theora: a1e56fd34408186e4bbccfd4996cb3dc -> 
  custom:container-muxer-webm: aa71ff27fc2769a1b78a27578f13a17b -> 
  custom:container-demuxer-webm: 4f35f7cbe854078d1ac9338744f61a02 -> 
  custom:video-encoder-webm-vp8: eb34c28f22e8b96e1ab97ce403110664 -> 
  custom:audio-encoder-webm-vorbis: bf7c407c2cedff20999df2af8eb42d56 -> 
  custom:framework-win-MediaFoundation: 216162199b28c13a410421893ffa2e32 -> 
  custom:container-demuxer-ogg: 62fdf1f143b41e24485cea50d1cbac27 -> 
  custom:video-decoder-webm-vp8: 9c59270c3fd7afecdb556c50c9e8de78 -> 
  custom:audio-decoder-ogg-vorbis: bf7c407c2cedff20999df2af8eb42d56 -> 
Editor requested this worker to shutdown with reason: Scaling down because of idle timeout
AssetImportWorker is now disconnected from the server
Process exiting
Exiting without the bug reporter. Application will terminate with return code 0